#-----------------------------------------------------------
# Vivado v2018.2 (64-bit)
# SW Build 2258646 on Thu Jun 14 20:03:12 MDT 2018
# IP Build 2256618 on Thu Jun 14 22:10:49 MDT 2018
# Start of session at: Tue Sep  3 15:18:25 2019
# Process ID: 5808
# Current directory: C:/SDUP_huffman_IP_Lite
# Command line: vivado.exe -gui_launcher_event rodinguilauncherevent11564 C:\SDUP_huffman_IP_Lite\SDUP_huffman_IP_Lite.xpr
# Log file: C:/SDUP_huffman_IP_Lite/vivado.log
# Journal file: C:/SDUP_huffman_IP_Lite\vivado.jou
#-----------------------------------------------------------
start_gui
open_project C:/SDUP_huffman_IP_Lite/SDUP_huffman_IP_Lite.xpr
Scanning sources...
Finished scanning sources
INFO: [IP_Flow 19-234] Refreshing IP repositories
INFO: [IP_Flow 19-1700] Loaded user IP repository 'c:/ip_repo/huffman_AXI_Lite_myip_1.0'.
INFO: [IP_Flow 19-2313] Loaded Vivado IP repository 'C:/Xilinx/Vivado/2018.2/data/ip'.
open_project: Time (s): cpu = 00:00:24 ; elapsed = 00:00:30 . Memory (MB): peak = 771.336 ; gain = 109.219
update_compile_order -fileset sources_1
file copy -force C:/SDUP_huffman_IP_Lite/SDUP_huffman_IP_Lite.runs/impl_1/design_1_wrapper.sysdef C:/SDUP_huffman_IP_Lite/SDUP_huffman_IP_Lite.sdk/design_1_wrapper.hdf

launch_sdk -workspace C:/SDUP_huffman_IP_Lite/SDUP_huffman_IP_Lite.sdk -hwspec C:/SDUP_huffman_IP_Lite/SDUP_huffman_IP_Lite.sdk/design_1_wrapper.hdf
INFO: [Vivado 12-393] Launching SDK...
INFO: [Vivado 12-417] Running xsdk -workspace C:/SDUP_huffman_IP_Lite/SDUP_huffman_IP_Lite.sdk -hwspec C:/SDUP_huffman_IP_Lite/SDUP_huffman_IP_Lite.sdk/design_1_wrapper.hdf
INFO: [Vivado 12-3157] SDK launch initiated. Please check console for any further messages.
exit
INFO: [Common 17-206] Exiting Vivado at Tue Sep  3 15:20:45 2019...
