15:20:53 INFO  : Registering command handlers for SDK TCF services
15:20:56 INFO  : Launching XSCT server: xsct.bat -interactive C:\SDUP_huffman_IP_Lite\SDUP_huffman_IP_Lite.sdk\temp_xsdb_launch_script.tcl
15:21:00 INFO  : XSCT server has started successfully.
15:21:03 INFO  : Successfully done setting XSCT server connection channel  
15:21:03 INFO  : Successfully done setting SDK workspace  
15:21:03 INFO  : Processing command line option -hwspec C:/SDUP_huffman_IP_Lite/SDUP_huffman_IP_Lite.sdk/design_1_wrapper.hdf.
15:54:52 INFO  : Connected to target on host '127.0.0.1' and port '3121'.
15:54:52 INFO  : 'targets -set -filter {jtag_cable_name =~ "Digilent Zed 210248452676" && level==0} -index 1' command is executed.
15:54:54 INFO  : FPGA configured successfully with bitstream "C:/SDUP_huffman_IP_Lite/SDUP_huffman_IP_Lite.sdk/design_1_wrapper_hw_platform_0/design_1_wrapper.bit"
15:55:10 INFO  : 'targets -set -filter {jtag_cable_name =~ "Digilent Zed 210248452676" && level==0} -index 1' command is executed.
15:55:10 INFO  : 'fpga -state' command is executed.
15:55:10 INFO  : Connected to target on host '127.0.0.1' and port '3121'.
15:55:10 INFO  : Jtag cable 'Digilent Zed 210248452676' is selected.
15:55:10 INFO  : 'jtag frequency' command is executed.
15:55:10 INFO  : Sourcing of 'C:/SDUP_huffman_IP_Lite/SDUP_huffman_IP_Lite.sdk/design_1_wrapper_hw_platform_0/ps7_init.tcl' is done.
15:55:10 INFO  : Context for 'APU' is selected.
15:55:10 INFO  : Hardware design information is loaded from 'C:/SDUP_huffman_IP_Lite/SDUP_huffman_IP_Lite.sdk/design_1_wrapper_hw_platform_0/system.hdf'.
15:55:10 INFO  : 'configparams force-mem-access 1' command is executed.
15:55:10 INFO  : Context for 'APU' is selected.
15:55:10 INFO  : 'stop' command is executed.
15:55:11 INFO  : 'ps7_init' command is executed.
15:55:11 INFO  : 'ps7_post_config' command is executed.
15:55:11 INFO  : Context for processor 'ps7_cortexa9_0' is selected.
15:55:11 INFO  : Processor reset is completed for 'ps7_cortexa9_0'.
15:55:11 INFO  : Context for processor 'ps7_cortexa9_0' is selected.
15:55:11 INFO  : The application 'C:/SDUP_huffman_IP_Lite/SDUP_huffman_IP_Lite.sdk/huffman_axi_lite/Debug/huffman_axi_lite.elf' is downloaded to processor 'ps7_cortexa9_0'.
15:55:11 INFO  : 'configparams force-mem-access 0' command is executed.
15:55:11 INFO  : ----------------XSDB Script----------------
connect -url tcp:127.0.0.1:3121
source C:/SDUP_huffman_IP_Lite/SDUP_huffman_IP_Lite.sdk/design_1_wrapper_hw_platform_0/ps7_init.tcl
targets -set -nocase -filter {name =~"APU*" && jtag_cable_name =~ "Digilent Zed 210248452676"} -index 0
loadhw -hw C:/SDUP_huffman_IP_Lite/SDUP_huffman_IP_Lite.sdk/design_1_wrapper_hw_platform_0/system.hdf -mem-ranges [list {0x40000000 0xbfffffff}]
configparams force-mem-access 1
targets -set -nocase -filter {name =~"APU*" && jtag_cable_name =~ "Digilent Zed 210248452676"} -index 0
stop
ps7_init
ps7_post_config
targets -set -nocase -filter {name =~ "ARM*#0" && jtag_cable_name =~ "Digilent Zed 210248452676"} -index 0
rst -processor
targets -set -nocase -filter {name =~ "ARM*#0" && jtag_cable_name =~ "Digilent Zed 210248452676"} -index 0
dow C:/SDUP_huffman_IP_Lite/SDUP_huffman_IP_Lite.sdk/huffman_axi_lite/Debug/huffman_axi_lite.elf
configparams force-mem-access 0
----------------End of Script----------------

15:55:12 INFO  : Memory regions updated for context APU
15:55:12 INFO  : Context for processor 'ps7_cortexa9_0' is selected.
15:55:12 INFO  : 'con' command is executed.
15:55:12 INFO  : ----------------XSDB Script (After Launch)----------------
targets -set -nocase -filter {name =~ "ARM*#0" && jtag_cable_name =~ "Digilent Zed 210248452676"} -index 0
con
----------------End of Script----------------

15:55:12 INFO  : Launch script is exported to file 'C:\SDUP_huffman_IP_Lite\SDUP_huffman_IP_Lite.sdk\.sdk\launch_scripts\xilinx_c-c++_application_(system_debugger)\system_debugger_using_debug_huffman_axi_lite.elf_on_local.tcl'
15:55:47 INFO  : Disconnected from the channel tcfchan#1.
15:55:48 INFO  : 'targets -set -filter {jtag_cable_name =~ "Digilent Zed 210248452676" && level==0} -index 1' command is executed.
15:55:48 INFO  : 'fpga -state' command is executed.
15:55:48 INFO  : Connected to target on host '127.0.0.1' and port '3121'.
15:55:48 INFO  : Jtag cable 'Digilent Zed 210248452676' is selected.
15:55:48 INFO  : 'jtag frequency' command is executed.
15:55:48 INFO  : Sourcing of 'C:/SDUP_huffman_IP_Lite/SDUP_huffman_IP_Lite.sdk/design_1_wrapper_hw_platform_0/ps7_init.tcl' is done.
15:55:48 INFO  : Context for 'APU' is selected.
15:55:51 INFO  : Hardware design information is loaded from 'C:/SDUP_huffman_IP_Lite/SDUP_huffman_IP_Lite.sdk/design_1_wrapper_hw_platform_0/system.hdf'.
15:55:51 INFO  : 'configparams force-mem-access 1' command is executed.
15:55:51 INFO  : Context for 'APU' is selected.
15:55:51 INFO  : 'stop' command is executed.
15:55:52 INFO  : 'ps7_init' command is executed.
15:55:52 INFO  : 'ps7_post_config' command is executed.
15:55:52 INFO  : Context for processor 'ps7_cortexa9_0' is selected.
15:55:52 INFO  : Processor reset is completed for 'ps7_cortexa9_0'.
15:55:52 INFO  : Context for processor 'ps7_cortexa9_0' is selected.
15:55:52 INFO  : The application 'C:/SDUP_huffman_IP_Lite/SDUP_huffman_IP_Lite.sdk/huffman_axi_lite/Debug/huffman_axi_lite.elf' is downloaded to processor 'ps7_cortexa9_0'.
15:55:52 INFO  : 'configparams force-mem-access 0' command is executed.
15:55:52 INFO  : ----------------XSDB Script----------------
connect -url tcp:127.0.0.1:3121
source C:/SDUP_huffman_IP_Lite/SDUP_huffman_IP_Lite.sdk/design_1_wrapper_hw_platform_0/ps7_init.tcl
targets -set -nocase -filter {name =~"APU*" && jtag_cable_name =~ "Digilent Zed 210248452676"} -index 0
loadhw -hw C:/SDUP_huffman_IP_Lite/SDUP_huffman_IP_Lite.sdk/design_1_wrapper_hw_platform_0/system.hdf -mem-ranges [list {0x40000000 0xbfffffff}]
configparams force-mem-access 1
targets -set -nocase -filter {name =~"APU*" && jtag_cable_name =~ "Digilent Zed 210248452676"} -index 0
stop
ps7_init
ps7_post_config
targets -set -nocase -filter {name =~ "ARM*#0" && jtag_cable_name =~ "Digilent Zed 210248452676"} -index 0
rst -processor
targets -set -nocase -filter {name =~ "ARM*#0" && jtag_cable_name =~ "Digilent Zed 210248452676"} -index 0
dow C:/SDUP_huffman_IP_Lite/SDUP_huffman_IP_Lite.sdk/huffman_axi_lite/Debug/huffman_axi_lite.elf
configparams force-mem-access 0
----------------End of Script----------------

15:55:52 INFO  : Memory regions updated for context APU
15:55:52 INFO  : Context for processor 'ps7_cortexa9_0' is selected.
15:55:53 INFO  : 'con' command is executed.
15:55:53 INFO  : ----------------XSDB Script (After Launch)----------------
targets -set -nocase -filter {name =~ "ARM*#0" && jtag_cable_name =~ "Digilent Zed 210248452676"} -index 0
con
----------------End of Script----------------

15:55:53 INFO  : Launch script is exported to file 'C:\SDUP_huffman_IP_Lite\SDUP_huffman_IP_Lite.sdk\.sdk\launch_scripts\xilinx_c-c++_application_(system_debugger)\system_debugger_using_debug_huffman_axi_lite.elf_on_local.tcl'
15:56:14 INFO  : Disconnected from the channel tcfchan#2.
15:56:15 INFO  : 'targets -set -filter {jtag_cable_name =~ "Digilent Zed 210248452676" && level==0} -index 1' command is executed.
15:56:15 INFO  : 'fpga -state' command is executed.
15:56:15 INFO  : Connected to target on host '127.0.0.1' and port '3121'.
15:56:15 INFO  : Jtag cable 'Digilent Zed 210248452676' is selected.
15:56:15 INFO  : 'jtag frequency' command is executed.
15:56:15 INFO  : Sourcing of 'C:/SDUP_huffman_IP_Lite/SDUP_huffman_IP_Lite.sdk/design_1_wrapper_hw_platform_0/ps7_init.tcl' is done.
15:56:15 INFO  : Context for 'APU' is selected.
15:56:18 INFO  : Hardware design information is loaded from 'C:/SDUP_huffman_IP_Lite/SDUP_huffman_IP_Lite.sdk/design_1_wrapper_hw_platform_0/system.hdf'.
15:56:18 INFO  : 'configparams force-mem-access 1' command is executed.
15:56:18 INFO  : Context for 'APU' is selected.
15:56:18 INFO  : 'stop' command is executed.
15:56:19 INFO  : 'ps7_init' command is executed.
15:56:19 INFO  : 'ps7_post_config' command is executed.
15:56:19 INFO  : Context for processor 'ps7_cortexa9_0' is selected.
15:56:19 INFO  : Processor reset is completed for 'ps7_cortexa9_0'.
15:56:19 INFO  : Context for processor 'ps7_cortexa9_0' is selected.
15:56:19 INFO  : The application 'C:/SDUP_huffman_IP_Lite/SDUP_huffman_IP_Lite.sdk/huffman_axi_lite/Debug/huffman_axi_lite.elf' is downloaded to processor 'ps7_cortexa9_0'.
15:56:19 INFO  : 'configparams force-mem-access 0' command is executed.
15:56:19 INFO  : ----------------XSDB Script----------------
connect -url tcp:127.0.0.1:3121
source C:/SDUP_huffman_IP_Lite/SDUP_huffman_IP_Lite.sdk/design_1_wrapper_hw_platform_0/ps7_init.tcl
targets -set -nocase -filter {name =~"APU*" && jtag_cable_name =~ "Digilent Zed 210248452676"} -index 0
loadhw -hw C:/SDUP_huffman_IP_Lite/SDUP_huffman_IP_Lite.sdk/design_1_wrapper_hw_platform_0/system.hdf -mem-ranges [list {0x40000000 0xbfffffff}]
configparams force-mem-access 1
targets -set -nocase -filter {name =~"APU*" && jtag_cable_name =~ "Digilent Zed 210248452676"} -index 0
stop
ps7_init
ps7_post_config
targets -set -nocase -filter {name =~ "ARM*#0" && jtag_cable_name =~ "Digilent Zed 210248452676"} -index 0
rst -processor
targets -set -nocase -filter {name =~ "ARM*#0" && jtag_cable_name =~ "Digilent Zed 210248452676"} -index 0
dow C:/SDUP_huffman_IP_Lite/SDUP_huffman_IP_Lite.sdk/huffman_axi_lite/Debug/huffman_axi_lite.elf
configparams force-mem-access 0
----------------End of Script----------------

15:56:19 INFO  : Memory regions updated for context APU
15:56:20 INFO  : Context for processor 'ps7_cortexa9_0' is selected.
15:56:20 INFO  : 'con' command is executed.
15:56:20 INFO  : ----------------XSDB Script (After Launch)----------------
targets -set -nocase -filter {name =~ "ARM*#0" && jtag_cable_name =~ "Digilent Zed 210248452676"} -index 0
con
----------------End of Script----------------

15:56:20 INFO  : Launch script is exported to file 'C:\SDUP_huffman_IP_Lite\SDUP_huffman_IP_Lite.sdk\.sdk\launch_scripts\xilinx_c-c++_application_(system_debugger)\system_debugger_using_debug_huffman_axi_lite.elf_on_local.tcl'
15:56:49 INFO  : Connected to target on host '127.0.0.1' and port '3121'.
15:56:49 INFO  : 'targets -set -filter {jtag_cable_name =~ "Digilent Zed 210248452676" && level==0} -index 1' command is executed.
15:56:51 INFO  : FPGA configured successfully with bitstream "C:/SDUP_huffman_IP_Lite/SDUP_huffman_IP_Lite.sdk/design_1_wrapper_hw_platform_0/design_1_wrapper.bit"
15:56:57 INFO  : Disconnected from the channel tcfchan#3.
15:56:58 INFO  : 'targets -set -filter {jtag_cable_name =~ "Digilent Zed 210248452676" && level==0} -index 1' command is executed.
15:56:58 INFO  : 'fpga -state' command is executed.
15:56:58 INFO  : Connected to target on host '127.0.0.1' and port '3121'.
15:56:58 INFO  : Jtag cable 'Digilent Zed 210248452676' is selected.
15:56:58 INFO  : 'jtag frequency' command is executed.
15:56:58 INFO  : Sourcing of 'C:/SDUP_huffman_IP_Lite/SDUP_huffman_IP_Lite.sdk/design_1_wrapper_hw_platform_0/ps7_init.tcl' is done.
15:56:58 INFO  : Context for 'APU' is selected.
15:57:01 INFO  : Hardware design information is loaded from 'C:/SDUP_huffman_IP_Lite/SDUP_huffman_IP_Lite.sdk/design_1_wrapper_hw_platform_0/system.hdf'.
15:57:01 INFO  : 'configparams force-mem-access 1' command is executed.
15:57:01 INFO  : Context for 'APU' is selected.
15:57:01 INFO  : 'stop' command is executed.
15:57:02 INFO  : 'ps7_init' command is executed.
15:57:02 INFO  : 'ps7_post_config' command is executed.
15:57:02 INFO  : Context for processor 'ps7_cortexa9_0' is selected.
15:57:02 INFO  : Processor reset is completed for 'ps7_cortexa9_0'.
15:57:02 INFO  : Context for processor 'ps7_cortexa9_0' is selected.
15:57:02 INFO  : The application 'C:/SDUP_huffman_IP_Lite/SDUP_huffman_IP_Lite.sdk/huffman_axi_lite/Debug/huffman_axi_lite.elf' is downloaded to processor 'ps7_cortexa9_0'.
15:57:02 INFO  : 'configparams force-mem-access 0' command is executed.
15:57:02 INFO  : ----------------XSDB Script----------------
connect -url tcp:127.0.0.1:3121
source C:/SDUP_huffman_IP_Lite/SDUP_huffman_IP_Lite.sdk/design_1_wrapper_hw_platform_0/ps7_init.tcl
targets -set -nocase -filter {name =~"APU*" && jtag_cable_name =~ "Digilent Zed 210248452676"} -index 0
loadhw -hw C:/SDUP_huffman_IP_Lite/SDUP_huffman_IP_Lite.sdk/design_1_wrapper_hw_platform_0/system.hdf -mem-ranges [list {0x40000000 0xbfffffff}]
configparams force-mem-access 1
targets -set -nocase -filter {name =~"APU*" && jtag_cable_name =~ "Digilent Zed 210248452676"} -index 0
stop
ps7_init
ps7_post_config
targets -set -nocase -filter {name =~ "ARM*#0" && jtag_cable_name =~ "Digilent Zed 210248452676"} -index 0
rst -processor
targets -set -nocase -filter {name =~ "ARM*#0" && jtag_cable_name =~ "Digilent Zed 210248452676"} -index 0
dow C:/SDUP_huffman_IP_Lite/SDUP_huffman_IP_Lite.sdk/huffman_axi_lite/Debug/huffman_axi_lite.elf
configparams force-mem-access 0
----------------End of Script----------------

15:57:02 INFO  : Memory regions updated for context APU
15:57:02 INFO  : Context for processor 'ps7_cortexa9_0' is selected.
15:57:02 INFO  : 'con' command is executed.
15:57:02 INFO  : ----------------XSDB Script (After Launch)----------------
targets -set -nocase -filter {name =~ "ARM*#0" && jtag_cable_name =~ "Digilent Zed 210248452676"} -index 0
con
----------------End of Script----------------

15:57:02 INFO  : Launch script is exported to file 'C:\SDUP_huffman_IP_Lite\SDUP_huffman_IP_Lite.sdk\.sdk\launch_scripts\xilinx_c-c++_application_(system_debugger)\system_debugger_using_debug_huffman_axi_lite.elf_on_local.tcl'
15:57:40 INFO  : Connected to target on host '127.0.0.1' and port '3121'.
15:57:40 INFO  : 'targets -set -filter {jtag_cable_name =~ "Digilent Zed 210248452676" && level==0} -index 1' command is executed.
15:57:43 INFO  : FPGA configured successfully with bitstream "C:/SDUP_huffman_IP_Lite/SDUP_huffman_IP_Lite.sdk/design_1_wrapper_hw_platform_0/design_1_wrapper.bit"
15:57:46 INFO  : Disconnected from the channel tcfchan#4.
15:57:48 INFO  : 'targets -set -filter {jtag_cable_name =~ "Digilent Zed 210248452676" && level==0} -index 1' command is executed.
15:57:48 INFO  : 'fpga -state' command is executed.
15:57:48 INFO  : Connected to target on host '127.0.0.1' and port '3121'.
15:57:48 INFO  : Jtag cable 'Digilent Zed 210248452676' is selected.
15:57:48 INFO  : 'jtag frequency' command is executed.
15:57:48 INFO  : Sourcing of 'C:/SDUP_huffman_IP_Lite/SDUP_huffman_IP_Lite.sdk/design_1_wrapper_hw_platform_0/ps7_init.tcl' is done.
15:57:48 INFO  : Context for 'APU' is selected.
15:57:50 INFO  : Hardware design information is loaded from 'C:/SDUP_huffman_IP_Lite/SDUP_huffman_IP_Lite.sdk/design_1_wrapper_hw_platform_0/system.hdf'.
15:57:50 INFO  : 'configparams force-mem-access 1' command is executed.
15:57:50 INFO  : Context for 'APU' is selected.
15:57:50 INFO  : 'stop' command is executed.
15:57:51 INFO  : 'ps7_init' command is executed.
15:57:51 INFO  : 'ps7_post_config' command is executed.
15:57:51 INFO  : Context for processor 'ps7_cortexa9_0' is selected.
15:57:51 INFO  : Processor reset is completed for 'ps7_cortexa9_0'.
15:57:51 INFO  : Context for processor 'ps7_cortexa9_0' is selected.
15:57:51 INFO  : The application 'C:/SDUP_huffman_IP_Lite/SDUP_huffman_IP_Lite.sdk/huffman_axi_lite/Debug/huffman_axi_lite.elf' is downloaded to processor 'ps7_cortexa9_0'.
15:57:51 INFO  : 'configparams force-mem-access 0' command is executed.
15:57:51 INFO  : ----------------XSDB Script----------------
connect -url tcp:127.0.0.1:3121
source C:/SDUP_huffman_IP_Lite/SDUP_huffman_IP_Lite.sdk/design_1_wrapper_hw_platform_0/ps7_init.tcl
targets -set -nocase -filter {name =~"APU*" && jtag_cable_name =~ "Digilent Zed 210248452676"} -index 0
loadhw -hw C:/SDUP_huffman_IP_Lite/SDUP_huffman_IP_Lite.sdk/design_1_wrapper_hw_platform_0/system.hdf -mem-ranges [list {0x40000000 0xbfffffff}]
configparams force-mem-access 1
targets -set -nocase -filter {name =~"APU*" && jtag_cable_name =~ "Digilent Zed 210248452676"} -index 0
stop
ps7_init
ps7_post_config
targets -set -nocase -filter {name =~ "ARM*#0" && jtag_cable_name =~ "Digilent Zed 210248452676"} -index 0
rst -processor
targets -set -nocase -filter {name =~ "ARM*#0" && jtag_cable_name =~ "Digilent Zed 210248452676"} -index 0
dow C:/SDUP_huffman_IP_Lite/SDUP_huffman_IP_Lite.sdk/huffman_axi_lite/Debug/huffman_axi_lite.elf
configparams force-mem-access 0
----------------End of Script----------------

15:57:51 INFO  : Memory regions updated for context APU
15:57:51 INFO  : Context for processor 'ps7_cortexa9_0' is selected.
15:57:51 INFO  : 'con' command is executed.
15:57:51 INFO  : ----------------XSDB Script (After Launch)----------------
targets -set -nocase -filter {name =~ "ARM*#0" && jtag_cable_name =~ "Digilent Zed 210248452676"} -index 0
con
----------------End of Script----------------

15:57:51 INFO  : Launch script is exported to file 'C:\SDUP_huffman_IP_Lite\SDUP_huffman_IP_Lite.sdk\.sdk\launch_scripts\xilinx_c-c++_application_(system_debugger)\system_debugger_using_debug_huffman_axi_lite.elf_on_local.tcl'
15:58:02 INFO  : Disconnected from the channel tcfchan#5.
15:58:03 INFO  : 'targets -set -filter {jtag_cable_name =~ "Digilent Zed 210248452676" && level==0} -index 1' command is executed.
15:58:03 INFO  : 'fpga -state' command is executed.
15:58:03 INFO  : Connected to target on host '127.0.0.1' and port '3121'.
15:58:04 INFO  : Jtag cable 'Digilent Zed 210248452676' is selected.
15:58:04 INFO  : 'jtag frequency' command is executed.
15:58:04 INFO  : Sourcing of 'C:/SDUP_huffman_IP_Lite/SDUP_huffman_IP_Lite.sdk/design_1_wrapper_hw_platform_0/ps7_init.tcl' is done.
15:58:04 INFO  : Context for 'APU' is selected.
15:58:07 INFO  : Hardware design information is loaded from 'C:/SDUP_huffman_IP_Lite/SDUP_huffman_IP_Lite.sdk/design_1_wrapper_hw_platform_0/system.hdf'.
15:58:07 INFO  : 'configparams force-mem-access 1' command is executed.
15:58:07 INFO  : Context for 'APU' is selected.
15:58:07 INFO  : 'stop' command is executed.
15:58:07 INFO  : 'ps7_init' command is executed.
15:58:07 INFO  : 'ps7_post_config' command is executed.
15:58:07 INFO  : Context for processor 'ps7_cortexa9_0' is selected.
15:58:07 INFO  : Processor reset is completed for 'ps7_cortexa9_0'.
15:58:07 INFO  : Context for processor 'ps7_cortexa9_0' is selected.
15:58:07 INFO  : The application 'C:/SDUP_huffman_IP_Lite/SDUP_huffman_IP_Lite.sdk/huffman_axi_lite/Debug/huffman_axi_lite.elf' is downloaded to processor 'ps7_cortexa9_0'.
15:58:07 INFO  : 'configparams force-mem-access 0' command is executed.
15:58:07 INFO  : ----------------XSDB Script----------------
connect -url tcp:127.0.0.1:3121
source C:/SDUP_huffman_IP_Lite/SDUP_huffman_IP_Lite.sdk/design_1_wrapper_hw_platform_0/ps7_init.tcl
targets -set -nocase -filter {name =~"APU*" && jtag_cable_name =~ "Digilent Zed 210248452676"} -index 0
loadhw -hw C:/SDUP_huffman_IP_Lite/SDUP_huffman_IP_Lite.sdk/design_1_wrapper_hw_platform_0/system.hdf -mem-ranges [list {0x40000000 0xbfffffff}]
configparams force-mem-access 1
targets -set -nocase -filter {name =~"APU*" && jtag_cable_name =~ "Digilent Zed 210248452676"} -index 0
stop
ps7_init
ps7_post_config
targets -set -nocase -filter {name =~ "ARM*#0" && jtag_cable_name =~ "Digilent Zed 210248452676"} -index 0
rst -processor
targets -set -nocase -filter {name =~ "ARM*#0" && jtag_cable_name =~ "Digilent Zed 210248452676"} -index 0
dow C:/SDUP_huffman_IP_Lite/SDUP_huffman_IP_Lite.sdk/huffman_axi_lite/Debug/huffman_axi_lite.elf
configparams force-mem-access 0
----------------End of Script----------------

15:58:07 INFO  : Memory regions updated for context APU
15:58:08 INFO  : Context for processor 'ps7_cortexa9_0' is selected.
15:58:08 INFO  : 'con' command is executed.
15:58:08 INFO  : ----------------XSDB Script (After Launch)----------------
targets -set -nocase -filter {name =~ "ARM*#0" && jtag_cable_name =~ "Digilent Zed 210248452676"} -index 0
con
----------------End of Script----------------

15:58:08 INFO  : Launch script is exported to file 'C:\SDUP_huffman_IP_Lite\SDUP_huffman_IP_Lite.sdk\.sdk\launch_scripts\xilinx_c-c++_application_(system_debugger)\system_debugger_using_debug_huffman_axi_lite.elf_on_local.tcl'
15:58:59 INFO  : Disconnected from the channel tcfchan#6.
15:59:00 INFO  : 'targets -set -filter {jtag_cable_name =~ "Digilent Zed 210248452676" && level==0} -index 1' command is executed.
15:59:00 INFO  : 'fpga -state' command is executed.
15:59:00 INFO  : Connected to target on host '127.0.0.1' and port '3121'.
15:59:00 INFO  : Jtag cable 'Digilent Zed 210248452676' is selected.
15:59:00 INFO  : 'jtag frequency' command is executed.
15:59:00 INFO  : Sourcing of 'C:/SDUP_huffman_IP_Lite/SDUP_huffman_IP_Lite.sdk/design_1_wrapper_hw_platform_0/ps7_init.tcl' is done.
15:59:00 INFO  : Context for 'APU' is selected.
15:59:03 INFO  : Hardware design information is loaded from 'C:/SDUP_huffman_IP_Lite/SDUP_huffman_IP_Lite.sdk/design_1_wrapper_hw_platform_0/system.hdf'.
15:59:03 INFO  : 'configparams force-mem-access 1' command is executed.
15:59:03 INFO  : Context for 'APU' is selected.
15:59:03 INFO  : 'stop' command is executed.
15:59:03 INFO  : 'ps7_init' command is executed.
15:59:03 INFO  : 'ps7_post_config' command is executed.
15:59:03 INFO  : Context for processor 'ps7_cortexa9_0' is selected.
15:59:03 INFO  : Processor reset is completed for 'ps7_cortexa9_0'.
15:59:03 INFO  : Context for processor 'ps7_cortexa9_0' is selected.
15:59:03 INFO  : The application 'C:/SDUP_huffman_IP_Lite/SDUP_huffman_IP_Lite.sdk/huffman_axi_lite/Debug/huffman_axi_lite.elf' is downloaded to processor 'ps7_cortexa9_0'.
15:59:03 INFO  : 'configparams force-mem-access 0' command is executed.
15:59:03 INFO  : ----------------XSDB Script----------------
connect -url tcp:127.0.0.1:3121
source C:/SDUP_huffman_IP_Lite/SDUP_huffman_IP_Lite.sdk/design_1_wrapper_hw_platform_0/ps7_init.tcl
targets -set -nocase -filter {name =~"APU*" && jtag_cable_name =~ "Digilent Zed 210248452676"} -index 0
loadhw -hw C:/SDUP_huffman_IP_Lite/SDUP_huffman_IP_Lite.sdk/design_1_wrapper_hw_platform_0/system.hdf -mem-ranges [list {0x40000000 0xbfffffff}]
configparams force-mem-access 1
targets -set -nocase -filter {name =~"APU*" && jtag_cable_name =~ "Digilent Zed 210248452676"} -index 0
stop
ps7_init
ps7_post_config
targets -set -nocase -filter {name =~ "ARM*#0" && jtag_cable_name =~ "Digilent Zed 210248452676"} -index 0
rst -processor
targets -set -nocase -filter {name =~ "ARM*#0" && jtag_cable_name =~ "Digilent Zed 210248452676"} -index 0
dow C:/SDUP_huffman_IP_Lite/SDUP_huffman_IP_Lite.sdk/huffman_axi_lite/Debug/huffman_axi_lite.elf
configparams force-mem-access 0
----------------End of Script----------------

15:59:03 INFO  : Memory regions updated for context APU
15:59:04 INFO  : Context for processor 'ps7_cortexa9_0' is selected.
15:59:04 INFO  : 'con' command is executed.
15:59:04 INFO  : ----------------XSDB Script (After Launch)----------------
targets -set -nocase -filter {name =~ "ARM*#0" && jtag_cable_name =~ "Digilent Zed 210248452676"} -index 0
con
----------------End of Script----------------

15:59:04 INFO  : Launch script is exported to file 'C:\SDUP_huffman_IP_Lite\SDUP_huffman_IP_Lite.sdk\.sdk\launch_scripts\xilinx_c-c++_application_(system_debugger)\system_debugger_using_debug_huffman_axi_lite.elf_on_local.tcl'
16:02:15 INFO  : Disconnected from the channel tcfchan#7.
16:02:16 INFO  : 'targets -set -filter {jtag_cable_name =~ "Digilent Zed 210248452676" && level==0} -index 1' command is executed.
16:02:16 INFO  : 'fpga -state' command is executed.
16:02:16 INFO  : Connected to target on host '127.0.0.1' and port '3121'.
16:02:17 INFO  : Jtag cable 'Digilent Zed 210248452676' is selected.
16:02:17 INFO  : 'jtag frequency' command is executed.
16:02:17 INFO  : Sourcing of 'C:/SDUP_huffman_IP_Lite/SDUP_huffman_IP_Lite.sdk/design_1_wrapper_hw_platform_0/ps7_init.tcl' is done.
16:02:17 INFO  : Context for 'APU' is selected.
16:02:19 INFO  : Hardware design information is loaded from 'C:/SDUP_huffman_IP_Lite/SDUP_huffman_IP_Lite.sdk/design_1_wrapper_hw_platform_0/system.hdf'.
16:02:19 INFO  : 'configparams force-mem-access 1' command is executed.
16:02:19 INFO  : Context for 'APU' is selected.
16:02:19 INFO  : 'stop' command is executed.
16:02:20 INFO  : 'ps7_init' command is executed.
16:02:20 INFO  : 'ps7_post_config' command is executed.
16:02:20 INFO  : Context for processor 'ps7_cortexa9_0' is selected.
16:02:20 INFO  : Processor reset is completed for 'ps7_cortexa9_0'.
16:02:20 INFO  : Context for processor 'ps7_cortexa9_0' is selected.
16:02:20 INFO  : The application 'C:/SDUP_huffman_IP_Lite/SDUP_huffman_IP_Lite.sdk/huffman_axi_lite/Debug/huffman_axi_lite.elf' is downloaded to processor 'ps7_cortexa9_0'.
16:02:20 INFO  : 'configparams force-mem-access 0' command is executed.
16:02:20 INFO  : ----------------XSDB Script----------------
connect -url tcp:127.0.0.1:3121
source C:/SDUP_huffman_IP_Lite/SDUP_huffman_IP_Lite.sdk/design_1_wrapper_hw_platform_0/ps7_init.tcl
targets -set -nocase -filter {name =~"APU*" && jtag_cable_name =~ "Digilent Zed 210248452676"} -index 0
loadhw -hw C:/SDUP_huffman_IP_Lite/SDUP_huffman_IP_Lite.sdk/design_1_wrapper_hw_platform_0/system.hdf -mem-ranges [list {0x40000000 0xbfffffff}]
configparams force-mem-access 1
targets -set -nocase -filter {name =~"APU*" && jtag_cable_name =~ "Digilent Zed 210248452676"} -index 0
stop
ps7_init
ps7_post_config
targets -set -nocase -filter {name =~ "ARM*#0" && jtag_cable_name =~ "Digilent Zed 210248452676"} -index 0
rst -processor
targets -set -nocase -filter {name =~ "ARM*#0" && jtag_cable_name =~ "Digilent Zed 210248452676"} -index 0
dow C:/SDUP_huffman_IP_Lite/SDUP_huffman_IP_Lite.sdk/huffman_axi_lite/Debug/huffman_axi_lite.elf
configparams force-mem-access 0
----------------End of Script----------------

16:02:20 INFO  : Memory regions updated for context APU
16:02:20 INFO  : Context for processor 'ps7_cortexa9_0' is selected.
16:02:20 INFO  : 'con' command is executed.
16:02:20 INFO  : ----------------XSDB Script (After Launch)----------------
targets -set -nocase -filter {name =~ "ARM*#0" && jtag_cable_name =~ "Digilent Zed 210248452676"} -index 0
con
----------------End of Script----------------

16:02:20 INFO  : Launch script is exported to file 'C:\SDUP_huffman_IP_Lite\SDUP_huffman_IP_Lite.sdk\.sdk\launch_scripts\xilinx_c-c++_application_(system_debugger)\system_debugger_using_debug_huffman_axi_lite.elf_on_local.tcl'
16:02:34 INFO  : Disconnected from the channel tcfchan#8.
16:02:35 INFO  : 'targets -set -filter {jtag_cable_name =~ "Digilent Zed 210248452676" && level==0} -index 1' command is executed.
16:02:35 INFO  : 'fpga -state' command is executed.
16:02:35 INFO  : Connected to target on host '127.0.0.1' and port '3121'.
16:02:35 INFO  : Jtag cable 'Digilent Zed 210248452676' is selected.
16:02:35 INFO  : 'jtag frequency' command is executed.
16:02:35 INFO  : Sourcing of 'C:/SDUP_huffman_IP_Lite/SDUP_huffman_IP_Lite.sdk/design_1_wrapper_hw_platform_0/ps7_init.tcl' is done.
16:02:36 INFO  : Context for 'APU' is selected.
16:02:39 INFO  : Hardware design information is loaded from 'C:/SDUP_huffman_IP_Lite/SDUP_huffman_IP_Lite.sdk/design_1_wrapper_hw_platform_0/system.hdf'.
16:02:39 INFO  : 'configparams force-mem-access 1' command is executed.
16:02:39 INFO  : Context for 'APU' is selected.
16:02:39 INFO  : 'stop' command is executed.
16:02:39 INFO  : 'ps7_init' command is executed.
16:02:39 INFO  : 'ps7_post_config' command is executed.
16:02:39 INFO  : Context for processor 'ps7_cortexa9_0' is selected.
16:02:39 INFO  : Processor reset is completed for 'ps7_cortexa9_0'.
16:02:39 INFO  : Context for processor 'ps7_cortexa9_0' is selected.
16:02:39 INFO  : The application 'C:/SDUP_huffman_IP_Lite/SDUP_huffman_IP_Lite.sdk/huffman_axi_lite/Debug/huffman_axi_lite.elf' is downloaded to processor 'ps7_cortexa9_0'.
16:02:39 INFO  : 'configparams force-mem-access 0' command is executed.
16:02:39 INFO  : ----------------XSDB Script----------------
connect -url tcp:127.0.0.1:3121
source C:/SDUP_huffman_IP_Lite/SDUP_huffman_IP_Lite.sdk/design_1_wrapper_hw_platform_0/ps7_init.tcl
targets -set -nocase -filter {name =~"APU*" && jtag_cable_name =~ "Digilent Zed 210248452676"} -index 0
loadhw -hw C:/SDUP_huffman_IP_Lite/SDUP_huffman_IP_Lite.sdk/design_1_wrapper_hw_platform_0/system.hdf -mem-ranges [list {0x40000000 0xbfffffff}]
configparams force-mem-access 1
targets -set -nocase -filter {name =~"APU*" && jtag_cable_name =~ "Digilent Zed 210248452676"} -index 0
stop
ps7_init
ps7_post_config
targets -set -nocase -filter {name =~ "ARM*#0" && jtag_cable_name =~ "Digilent Zed 210248452676"} -index 0
rst -processor
targets -set -nocase -filter {name =~ "ARM*#0" && jtag_cable_name =~ "Digilent Zed 210248452676"} -index 0
dow C:/SDUP_huffman_IP_Lite/SDUP_huffman_IP_Lite.sdk/huffman_axi_lite/Debug/huffman_axi_lite.elf
configparams force-mem-access 0
----------------End of Script----------------

16:02:39 INFO  : Memory regions updated for context APU
16:02:39 INFO  : Context for processor 'ps7_cortexa9_0' is selected.
16:02:40 INFO  : 'con' command is executed.
16:02:40 INFO  : ----------------XSDB Script (After Launch)----------------
targets -set -nocase -filter {name =~ "ARM*#0" && jtag_cable_name =~ "Digilent Zed 210248452676"} -index 0
con
----------------End of Script----------------

16:02:40 INFO  : Launch script is exported to file 'C:\SDUP_huffman_IP_Lite\SDUP_huffman_IP_Lite.sdk\.sdk\launch_scripts\xilinx_c-c++_application_(system_debugger)\system_debugger_using_debug_huffman_axi_lite.elf_on_local.tcl'
16:04:27 INFO  : Disconnected from the channel tcfchan#9.
16:04:28 INFO  : 'targets -set -filter {jtag_cable_name =~ "Digilent Zed 210248452676" && level==0} -index 1' command is executed.
16:04:28 INFO  : 'fpga -state' command is executed.
16:04:28 INFO  : Connected to target on host '127.0.0.1' and port '3121'.
16:04:28 INFO  : Jtag cable 'Digilent Zed 210248452676' is selected.
16:04:28 INFO  : 'jtag frequency' command is executed.
16:04:28 INFO  : Sourcing of 'C:/SDUP_huffman_IP_Lite/SDUP_huffman_IP_Lite.sdk/design_1_wrapper_hw_platform_0/ps7_init.tcl' is done.
16:04:28 INFO  : Context for 'APU' is selected.
16:04:31 INFO  : Hardware design information is loaded from 'C:/SDUP_huffman_IP_Lite/SDUP_huffman_IP_Lite.sdk/design_1_wrapper_hw_platform_0/system.hdf'.
16:04:31 INFO  : 'configparams force-mem-access 1' command is executed.
16:04:31 INFO  : Context for 'APU' is selected.
16:04:31 INFO  : 'stop' command is executed.
16:04:31 INFO  : 'ps7_init' command is executed.
16:04:31 INFO  : 'ps7_post_config' command is executed.
16:04:31 INFO  : Context for processor 'ps7_cortexa9_0' is selected.
16:04:31 INFO  : Processor reset is completed for 'ps7_cortexa9_0'.
16:04:31 INFO  : Context for processor 'ps7_cortexa9_0' is selected.
16:04:32 INFO  : The application 'C:/SDUP_huffman_IP_Lite/SDUP_huffman_IP_Lite.sdk/huffman_axi_lite/Debug/huffman_axi_lite.elf' is downloaded to processor 'ps7_cortexa9_0'.
16:04:32 INFO  : 'configparams force-mem-access 0' command is executed.
16:04:32 INFO  : ----------------XSDB Script----------------
connect -url tcp:127.0.0.1:3121
source C:/SDUP_huffman_IP_Lite/SDUP_huffman_IP_Lite.sdk/design_1_wrapper_hw_platform_0/ps7_init.tcl
targets -set -nocase -filter {name =~"APU*" && jtag_cable_name =~ "Digilent Zed 210248452676"} -index 0
loadhw -hw C:/SDUP_huffman_IP_Lite/SDUP_huffman_IP_Lite.sdk/design_1_wrapper_hw_platform_0/system.hdf -mem-ranges [list {0x40000000 0xbfffffff}]
configparams force-mem-access 1
targets -set -nocase -filter {name =~"APU*" && jtag_cable_name =~ "Digilent Zed 210248452676"} -index 0
stop
ps7_init
ps7_post_config
targets -set -nocase -filter {name =~ "ARM*#0" && jtag_cable_name =~ "Digilent Zed 210248452676"} -index 0
rst -processor
targets -set -nocase -filter {name =~ "ARM*#0" && jtag_cable_name =~ "Digilent Zed 210248452676"} -index 0
dow C:/SDUP_huffman_IP_Lite/SDUP_huffman_IP_Lite.sdk/huffman_axi_lite/Debug/huffman_axi_lite.elf
configparams force-mem-access 0
----------------End of Script----------------

16:04:32 INFO  : Memory regions updated for context APU
16:04:32 INFO  : Context for processor 'ps7_cortexa9_0' is selected.
16:04:32 INFO  : 'con' command is executed.
16:04:32 INFO  : ----------------XSDB Script (After Launch)----------------
targets -set -nocase -filter {name =~ "ARM*#0" && jtag_cable_name =~ "Digilent Zed 210248452676"} -index 0
con
----------------End of Script----------------

16:04:32 INFO  : Launch script is exported to file 'C:\SDUP_huffman_IP_Lite\SDUP_huffman_IP_Lite.sdk\.sdk\launch_scripts\xilinx_c-c++_application_(system_debugger)\system_debugger_using_debug_huffman_axi_lite.elf_on_local.tcl'
16:06:03 INFO  : Disconnected from the channel tcfchan#10.
16:06:04 INFO  : 'targets -set -filter {jtag_cable_name =~ "Digilent Zed 210248452676" && level==0} -index 1' command is executed.
16:06:04 INFO  : 'fpga -state' command is executed.
16:06:04 INFO  : Connected to target on host '127.0.0.1' and port '3121'.
16:06:04 INFO  : Jtag cable 'Digilent Zed 210248452676' is selected.
16:06:04 INFO  : 'jtag frequency' command is executed.
16:06:04 INFO  : Sourcing of 'C:/SDUP_huffman_IP_Lite/SDUP_huffman_IP_Lite.sdk/design_1_wrapper_hw_platform_0/ps7_init.tcl' is done.
16:06:04 INFO  : Context for 'APU' is selected.
16:06:06 INFO  : Hardware design information is loaded from 'C:/SDUP_huffman_IP_Lite/SDUP_huffman_IP_Lite.sdk/design_1_wrapper_hw_platform_0/system.hdf'.
16:06:06 INFO  : 'configparams force-mem-access 1' command is executed.
16:06:06 INFO  : Context for 'APU' is selected.
16:06:06 INFO  : 'stop' command is executed.
16:06:07 INFO  : 'ps7_init' command is executed.
16:06:07 INFO  : 'ps7_post_config' command is executed.
16:06:07 INFO  : Context for processor 'ps7_cortexa9_0' is selected.
16:06:07 INFO  : Processor reset is completed for 'ps7_cortexa9_0'.
16:06:07 INFO  : Context for processor 'ps7_cortexa9_0' is selected.
16:06:07 INFO  : The application 'C:/SDUP_huffman_IP_Lite/SDUP_huffman_IP_Lite.sdk/huffman_axi_lite/Debug/huffman_axi_lite.elf' is downloaded to processor 'ps7_cortexa9_0'.
16:06:07 INFO  : 'configparams force-mem-access 0' command is executed.
16:06:07 INFO  : ----------------XSDB Script----------------
connect -url tcp:127.0.0.1:3121
source C:/SDUP_huffman_IP_Lite/SDUP_huffman_IP_Lite.sdk/design_1_wrapper_hw_platform_0/ps7_init.tcl
targets -set -nocase -filter {name =~"APU*" && jtag_cable_name =~ "Digilent Zed 210248452676"} -index 0
loadhw -hw C:/SDUP_huffman_IP_Lite/SDUP_huffman_IP_Lite.sdk/design_1_wrapper_hw_platform_0/system.hdf -mem-ranges [list {0x40000000 0xbfffffff}]
configparams force-mem-access 1
targets -set -nocase -filter {name =~"APU*" && jtag_cable_name =~ "Digilent Zed 210248452676"} -index 0
stop
ps7_init
ps7_post_config
targets -set -nocase -filter {name =~ "ARM*#0" && jtag_cable_name =~ "Digilent Zed 210248452676"} -index 0
rst -processor
targets -set -nocase -filter {name =~ "ARM*#0" && jtag_cable_name =~ "Digilent Zed 210248452676"} -index 0
dow C:/SDUP_huffman_IP_Lite/SDUP_huffman_IP_Lite.sdk/huffman_axi_lite/Debug/huffman_axi_lite.elf
configparams force-mem-access 0
----------------End of Script----------------

16:06:07 INFO  : Memory regions updated for context APU
16:06:07 INFO  : Context for processor 'ps7_cortexa9_0' is selected.
16:06:07 INFO  : 'con' command is executed.
16:06:07 INFO  : ----------------XSDB Script (After Launch)----------------
targets -set -nocase -filter {name =~ "ARM*#0" && jtag_cable_name =~ "Digilent Zed 210248452676"} -index 0
con
----------------End of Script----------------

16:06:07 INFO  : Launch script is exported to file 'C:\SDUP_huffman_IP_Lite\SDUP_huffman_IP_Lite.sdk\.sdk\launch_scripts\xilinx_c-c++_application_(system_debugger)\system_debugger_using_debug_huffman_axi_lite.elf_on_local.tcl'
16:06:47 INFO  : Disconnected from the channel tcfchan#11.
16:06:48 INFO  : 'targets -set -filter {jtag_cable_name =~ "Digilent Zed 210248452676" && level==0} -index 1' command is executed.
16:06:48 INFO  : 'fpga -state' command is executed.
16:06:48 INFO  : Connected to target on host '127.0.0.1' and port '3121'.
16:06:48 INFO  : Jtag cable 'Digilent Zed 210248452676' is selected.
16:06:48 INFO  : 'jtag frequency' command is executed.
16:06:49 INFO  : Sourcing of 'C:/SDUP_huffman_IP_Lite/SDUP_huffman_IP_Lite.sdk/design_1_wrapper_hw_platform_0/ps7_init.tcl' is done.
16:06:49 INFO  : Context for 'APU' is selected.
16:06:51 INFO  : Hardware design information is loaded from 'C:/SDUP_huffman_IP_Lite/SDUP_huffman_IP_Lite.sdk/design_1_wrapper_hw_platform_0/system.hdf'.
16:06:51 INFO  : 'configparams force-mem-access 1' command is executed.
16:06:51 INFO  : Context for 'APU' is selected.
16:06:51 INFO  : 'stop' command is executed.
16:06:52 INFO  : 'ps7_init' command is executed.
16:06:52 INFO  : 'ps7_post_config' command is executed.
16:06:52 INFO  : Context for processor 'ps7_cortexa9_0' is selected.
16:06:52 INFO  : Processor reset is completed for 'ps7_cortexa9_0'.
16:06:52 INFO  : Context for processor 'ps7_cortexa9_0' is selected.
16:06:52 INFO  : The application 'C:/SDUP_huffman_IP_Lite/SDUP_huffman_IP_Lite.sdk/huffman_axi_lite/Debug/huffman_axi_lite.elf' is downloaded to processor 'ps7_cortexa9_0'.
16:06:52 INFO  : 'configparams force-mem-access 0' command is executed.
16:06:52 INFO  : ----------------XSDB Script----------------
connect -url tcp:127.0.0.1:3121
source C:/SDUP_huffman_IP_Lite/SDUP_huffman_IP_Lite.sdk/design_1_wrapper_hw_platform_0/ps7_init.tcl
targets -set -nocase -filter {name =~"APU*" && jtag_cable_name =~ "Digilent Zed 210248452676"} -index 0
loadhw -hw C:/SDUP_huffman_IP_Lite/SDUP_huffman_IP_Lite.sdk/design_1_wrapper_hw_platform_0/system.hdf -mem-ranges [list {0x40000000 0xbfffffff}]
configparams force-mem-access 1
targets -set -nocase -filter {name =~"APU*" && jtag_cable_name =~ "Digilent Zed 210248452676"} -index 0
stop
ps7_init
ps7_post_config
targets -set -nocase -filter {name =~ "ARM*#0" && jtag_cable_name =~ "Digilent Zed 210248452676"} -index 0
rst -processor
targets -set -nocase -filter {name =~ "ARM*#0" && jtag_cable_name =~ "Digilent Zed 210248452676"} -index 0
dow C:/SDUP_huffman_IP_Lite/SDUP_huffman_IP_Lite.sdk/huffman_axi_lite/Debug/huffman_axi_lite.elf
configparams force-mem-access 0
----------------End of Script----------------

16:06:52 INFO  : Memory regions updated for context APU
16:06:52 INFO  : Context for processor 'ps7_cortexa9_0' is selected.
16:06:52 INFO  : 'con' command is executed.
16:06:52 INFO  : ----------------XSDB Script (After Launch)----------------
targets -set -nocase -filter {name =~ "ARM*#0" && jtag_cable_name =~ "Digilent Zed 210248452676"} -index 0
con
----------------End of Script----------------

16:06:52 INFO  : Launch script is exported to file 'C:\SDUP_huffman_IP_Lite\SDUP_huffman_IP_Lite.sdk\.sdk\launch_scripts\xilinx_c-c++_application_(system_debugger)\system_debugger_using_debug_huffman_axi_lite.elf_on_local.tcl'
16:07:15 INFO  : Connected to target on host '127.0.0.1' and port '3121'.
16:07:15 INFO  : 'targets -set -filter {jtag_cable_name =~ "Digilent Zed 210248452676" && level==0} -index 1' command is executed.
16:07:18 INFO  : FPGA configured successfully with bitstream "C:/SDUP_huffman_IP_Lite/SDUP_huffman_IP_Lite.sdk/design_1_wrapper_hw_platform_0/design_1_wrapper.bit"
16:07:23 INFO  : Disconnected from the channel tcfchan#12.
16:07:24 INFO  : 'targets -set -filter {jtag_cable_name =~ "Digilent Zed 210248452676" && level==0} -index 1' command is executed.
16:07:25 INFO  : 'fpga -state' command is executed.
16:07:25 INFO  : Connected to target on host '127.0.0.1' and port '3121'.
16:07:25 INFO  : Jtag cable 'Digilent Zed 210248452676' is selected.
16:07:25 INFO  : 'jtag frequency' command is executed.
16:07:25 INFO  : Sourcing of 'C:/SDUP_huffman_IP_Lite/SDUP_huffman_IP_Lite.sdk/design_1_wrapper_hw_platform_0/ps7_init.tcl' is done.
16:07:25 INFO  : Context for 'APU' is selected.
16:07:28 INFO  : Hardware design information is loaded from 'C:/SDUP_huffman_IP_Lite/SDUP_huffman_IP_Lite.sdk/design_1_wrapper_hw_platform_0/system.hdf'.
16:07:28 INFO  : 'configparams force-mem-access 1' command is executed.
16:07:28 INFO  : Context for 'APU' is selected.
16:07:28 INFO  : 'stop' command is executed.
16:07:28 INFO  : 'ps7_init' command is executed.
16:07:28 INFO  : 'ps7_post_config' command is executed.
16:07:28 INFO  : Context for processor 'ps7_cortexa9_0' is selected.
16:07:28 INFO  : Processor reset is completed for 'ps7_cortexa9_0'.
16:07:28 INFO  : Context for processor 'ps7_cortexa9_0' is selected.
16:07:28 INFO  : The application 'C:/SDUP_huffman_IP_Lite/SDUP_huffman_IP_Lite.sdk/huffman_axi_lite/Debug/huffman_axi_lite.elf' is downloaded to processor 'ps7_cortexa9_0'.
16:07:28 INFO  : 'configparams force-mem-access 0' command is executed.
16:07:28 INFO  : ----------------XSDB Script----------------
connect -url tcp:127.0.0.1:3121
source C:/SDUP_huffman_IP_Lite/SDUP_huffman_IP_Lite.sdk/design_1_wrapper_hw_platform_0/ps7_init.tcl
targets -set -nocase -filter {name =~"APU*" && jtag_cable_name =~ "Digilent Zed 210248452676"} -index 0
loadhw -hw C:/SDUP_huffman_IP_Lite/SDUP_huffman_IP_Lite.sdk/design_1_wrapper_hw_platform_0/system.hdf -mem-ranges [list {0x40000000 0xbfffffff}]
configparams force-mem-access 1
targets -set -nocase -filter {name =~"APU*" && jtag_cable_name =~ "Digilent Zed 210248452676"} -index 0
stop
ps7_init
ps7_post_config
targets -set -nocase -filter {name =~ "ARM*#0" && jtag_cable_name =~ "Digilent Zed 210248452676"} -index 0
rst -processor
targets -set -nocase -filter {name =~ "ARM*#0" && jtag_cable_name =~ "Digilent Zed 210248452676"} -index 0
dow C:/SDUP_huffman_IP_Lite/SDUP_huffman_IP_Lite.sdk/huffman_axi_lite/Debug/huffman_axi_lite.elf
configparams force-mem-access 0
----------------End of Script----------------

16:07:29 INFO  : Memory regions updated for context APU
16:07:29 INFO  : Context for processor 'ps7_cortexa9_0' is selected.
16:07:29 INFO  : 'con' command is executed.
16:07:29 INFO  : ----------------XSDB Script (After Launch)----------------
targets -set -nocase -filter {name =~ "ARM*#0" && jtag_cable_name =~ "Digilent Zed 210248452676"} -index 0
con
----------------End of Script----------------

16:07:29 INFO  : Launch script is exported to file 'C:\SDUP_huffman_IP_Lite\SDUP_huffman_IP_Lite.sdk\.sdk\launch_scripts\xilinx_c-c++_application_(system_debugger)\system_debugger_using_debug_huffman_axi_lite.elf_on_local.tcl'
16:07:54 INFO  : Disconnected from the channel tcfchan#13.
16:08:02 INFO  : Connected to target on host '127.0.0.1' and port '3121'.
16:08:02 INFO  : 'targets -set -filter {jtag_cable_name =~ "Digilent Zed 210248452676" && level==0} -index 1' command is executed.
16:08:05 INFO  : FPGA configured successfully with bitstream "C:/SDUP_huffman_IP_Lite/SDUP_huffman_IP_Lite.sdk/design_1_wrapper_hw_platform_0/design_1_wrapper.bit"
16:08:09 INFO  : 'targets -set -filter {jtag_cable_name =~ "Digilent Zed 210248452676" && level==0} -index 1' command is executed.
16:08:09 INFO  : 'fpga -state' command is executed.
16:08:09 INFO  : Connected to target on host '127.0.0.1' and port '3121'.
16:08:09 INFO  : Jtag cable 'Digilent Zed 210248452676' is selected.
16:08:09 INFO  : 'jtag frequency' command is executed.
16:08:09 INFO  : Sourcing of 'C:/SDUP_huffman_IP_Lite/SDUP_huffman_IP_Lite.sdk/design_1_wrapper_hw_platform_0/ps7_init.tcl' is done.
16:08:09 INFO  : Context for 'APU' is selected.
16:08:09 INFO  : Hardware design information is loaded from 'C:/SDUP_huffman_IP_Lite/SDUP_huffman_IP_Lite.sdk/design_1_wrapper_hw_platform_0/system.hdf'.
16:08:09 INFO  : 'configparams force-mem-access 1' command is executed.
16:08:09 INFO  : Context for 'APU' is selected.
16:08:10 INFO  : 'stop' command is executed.
16:08:10 INFO  : 'ps7_init' command is executed.
16:08:10 INFO  : 'ps7_post_config' command is executed.
16:08:10 INFO  : Context for processor 'ps7_cortexa9_0' is selected.
16:08:10 INFO  : Processor reset is completed for 'ps7_cortexa9_0'.
16:08:10 INFO  : Context for processor 'ps7_cortexa9_0' is selected.
16:08:10 INFO  : The application 'C:/SDUP_huffman_IP_Lite/SDUP_huffman_IP_Lite.sdk/huffman_axi_lite/Debug/huffman_axi_lite.elf' is downloaded to processor 'ps7_cortexa9_0'.
16:08:10 INFO  : 'configparams force-mem-access 0' command is executed.
16:08:10 INFO  : ----------------XSDB Script----------------
connect -url tcp:127.0.0.1:3121
source C:/SDUP_huffman_IP_Lite/SDUP_huffman_IP_Lite.sdk/design_1_wrapper_hw_platform_0/ps7_init.tcl
targets -set -nocase -filter {name =~"APU*" && jtag_cable_name =~ "Digilent Zed 210248452676"} -index 0
loadhw -hw C:/SDUP_huffman_IP_Lite/SDUP_huffman_IP_Lite.sdk/design_1_wrapper_hw_platform_0/system.hdf -mem-ranges [list {0x40000000 0xbfffffff}]
configparams force-mem-access 1
targets -set -nocase -filter {name =~"APU*" && jtag_cable_name =~ "Digilent Zed 210248452676"} -index 0
stop
ps7_init
ps7_post_config
targets -set -nocase -filter {name =~ "ARM*#0" && jtag_cable_name =~ "Digilent Zed 210248452676"} -index 0
rst -processor
targets -set -nocase -filter {name =~ "ARM*#0" && jtag_cable_name =~ "Digilent Zed 210248452676"} -index 0
dow C:/SDUP_huffman_IP_Lite/SDUP_huffman_IP_Lite.sdk/huffman_axi_lite/Debug/huffman_axi_lite.elf
configparams force-mem-access 0
----------------End of Script----------------

16:08:10 INFO  : Memory regions updated for context APU
16:08:10 INFO  : Context for processor 'ps7_cortexa9_0' is selected.
16:08:10 INFO  : 'con' command is executed.
16:08:10 INFO  : ----------------XSDB Script (After Launch)----------------
targets -set -nocase -filter {name =~ "ARM*#0" && jtag_cable_name =~ "Digilent Zed 210248452676"} -index 0
con
----------------End of Script----------------

16:08:10 INFO  : Launch script is exported to file 'C:\SDUP_huffman_IP_Lite\SDUP_huffman_IP_Lite.sdk\.sdk\launch_scripts\xilinx_c-c++_application_(system_debugger)\system_debugger_using_debug_huffman_axi_lite.elf_on_local.tcl'
16:08:27 INFO  : Disconnected from the channel tcfchan#14.
16:08:28 INFO  : 'targets -set -filter {jtag_cable_name =~ "Digilent Zed 210248452676" && level==0} -index 1' command is executed.
16:08:28 INFO  : 'fpga -state' command is executed.
16:08:28 INFO  : Connected to target on host '127.0.0.1' and port '3121'.
16:08:28 INFO  : Jtag cable 'Digilent Zed 210248452676' is selected.
16:08:28 INFO  : 'jtag frequency' command is executed.
16:08:28 INFO  : Sourcing of 'C:/SDUP_huffman_IP_Lite/SDUP_huffman_IP_Lite.sdk/design_1_wrapper_hw_platform_0/ps7_init.tcl' is done.
16:08:28 INFO  : Context for 'APU' is selected.
16:08:31 INFO  : Hardware design information is loaded from 'C:/SDUP_huffman_IP_Lite/SDUP_huffman_IP_Lite.sdk/design_1_wrapper_hw_platform_0/system.hdf'.
16:08:31 INFO  : 'configparams force-mem-access 1' command is executed.
16:08:31 INFO  : Context for 'APU' is selected.
16:08:31 INFO  : 'stop' command is executed.
16:08:31 INFO  : 'ps7_init' command is executed.
16:08:31 INFO  : 'ps7_post_config' command is executed.
16:08:31 INFO  : Context for processor 'ps7_cortexa9_0' is selected.
16:08:31 INFO  : Processor reset is completed for 'ps7_cortexa9_0'.
16:08:31 INFO  : Context for processor 'ps7_cortexa9_0' is selected.
16:08:31 INFO  : The application 'C:/SDUP_huffman_IP_Lite/SDUP_huffman_IP_Lite.sdk/huffman_axi_lite/Debug/huffman_axi_lite.elf' is downloaded to processor 'ps7_cortexa9_0'.
16:08:31 INFO  : 'configparams force-mem-access 0' command is executed.
16:08:31 INFO  : ----------------XSDB Script----------------
connect -url tcp:127.0.0.1:3121
source C:/SDUP_huffman_IP_Lite/SDUP_huffman_IP_Lite.sdk/design_1_wrapper_hw_platform_0/ps7_init.tcl
targets -set -nocase -filter {name =~"APU*" && jtag_cable_name =~ "Digilent Zed 210248452676"} -index 0
loadhw -hw C:/SDUP_huffman_IP_Lite/SDUP_huffman_IP_Lite.sdk/design_1_wrapper_hw_platform_0/system.hdf -mem-ranges [list {0x40000000 0xbfffffff}]
configparams force-mem-access 1
targets -set -nocase -filter {name =~"APU*" && jtag_cable_name =~ "Digilent Zed 210248452676"} -index 0
stop
ps7_init
ps7_post_config
targets -set -nocase -filter {name =~ "ARM*#0" && jtag_cable_name =~ "Digilent Zed 210248452676"} -index 0
rst -processor
targets -set -nocase -filter {name =~ "ARM*#0" && jtag_cable_name =~ "Digilent Zed 210248452676"} -index 0
dow C:/SDUP_huffman_IP_Lite/SDUP_huffman_IP_Lite.sdk/huffman_axi_lite/Debug/huffman_axi_lite.elf
configparams force-mem-access 0
----------------End of Script----------------

16:08:31 INFO  : Memory regions updated for context APU
16:08:32 INFO  : Context for processor 'ps7_cortexa9_0' is selected.
16:08:32 INFO  : 'con' command is executed.
16:08:32 INFO  : ----------------XSDB Script (After Launch)----------------
targets -set -nocase -filter {name =~ "ARM*#0" && jtag_cable_name =~ "Digilent Zed 210248452676"} -index 0
con
----------------End of Script----------------

16:08:32 INFO  : Launch script is exported to file 'C:\SDUP_huffman_IP_Lite\SDUP_huffman_IP_Lite.sdk\.sdk\launch_scripts\xilinx_c-c++_application_(system_debugger)\system_debugger_using_debug_huffman_axi_lite.elf_on_local.tcl'
16:08:43 INFO  : Connected to target on host '127.0.0.1' and port '3121'.
16:08:43 INFO  : 'targets -set -filter {jtag_cable_name =~ "Digilent Zed 210248452676" && level==0} -index 1' command is executed.
16:08:46 INFO  : FPGA configured successfully with bitstream "C:/SDUP_huffman_IP_Lite/SDUP_huffman_IP_Lite.sdk/design_1_wrapper_hw_platform_0/design_1_wrapper.bit"
16:08:51 INFO  : Disconnected from the channel tcfchan#15.
16:08:52 INFO  : 'targets -set -filter {jtag_cable_name =~ "Digilent Zed 210248452676" && level==0} -index 1' command is executed.
16:08:52 INFO  : 'fpga -state' command is executed.
16:08:52 INFO  : Connected to target on host '127.0.0.1' and port '3121'.
16:08:52 INFO  : Jtag cable 'Digilent Zed 210248452676' is selected.
16:08:52 INFO  : 'jtag frequency' command is executed.
16:08:52 INFO  : Sourcing of 'C:/SDUP_huffman_IP_Lite/SDUP_huffman_IP_Lite.sdk/design_1_wrapper_hw_platform_0/ps7_init.tcl' is done.
16:08:52 INFO  : Context for 'APU' is selected.
16:08:55 INFO  : Hardware design information is loaded from 'C:/SDUP_huffman_IP_Lite/SDUP_huffman_IP_Lite.sdk/design_1_wrapper_hw_platform_0/system.hdf'.
16:08:55 INFO  : 'configparams force-mem-access 1' command is executed.
16:08:55 INFO  : Context for 'APU' is selected.
16:08:55 INFO  : 'stop' command is executed.
16:08:55 INFO  : 'ps7_init' command is executed.
16:08:55 INFO  : 'ps7_post_config' command is executed.
16:08:55 INFO  : Context for processor 'ps7_cortexa9_0' is selected.
16:08:55 INFO  : Processor reset is completed for 'ps7_cortexa9_0'.
16:08:55 INFO  : Context for processor 'ps7_cortexa9_0' is selected.
16:08:55 INFO  : The application 'C:/SDUP_huffman_IP_Lite/SDUP_huffman_IP_Lite.sdk/huffman_axi_lite/Debug/huffman_axi_lite.elf' is downloaded to processor 'ps7_cortexa9_0'.
16:08:55 INFO  : 'configparams force-mem-access 0' command is executed.
16:08:55 INFO  : ----------------XSDB Script----------------
connect -url tcp:127.0.0.1:3121
source C:/SDUP_huffman_IP_Lite/SDUP_huffman_IP_Lite.sdk/design_1_wrapper_hw_platform_0/ps7_init.tcl
targets -set -nocase -filter {name =~"APU*" && jtag_cable_name =~ "Digilent Zed 210248452676"} -index 0
loadhw -hw C:/SDUP_huffman_IP_Lite/SDUP_huffman_IP_Lite.sdk/design_1_wrapper_hw_platform_0/system.hdf -mem-ranges [list {0x40000000 0xbfffffff}]
configparams force-mem-access 1
targets -set -nocase -filter {name =~"APU*" && jtag_cable_name =~ "Digilent Zed 210248452676"} -index 0
stop
ps7_init
ps7_post_config
targets -set -nocase -filter {name =~ "ARM*#0" && jtag_cable_name =~ "Digilent Zed 210248452676"} -index 0
rst -processor
targets -set -nocase -filter {name =~ "ARM*#0" && jtag_cable_name =~ "Digilent Zed 210248452676"} -index 0
dow C:/SDUP_huffman_IP_Lite/SDUP_huffman_IP_Lite.sdk/huffman_axi_lite/Debug/huffman_axi_lite.elf
configparams force-mem-access 0
----------------End of Script----------------

16:08:56 INFO  : Memory regions updated for context APU
16:08:56 INFO  : Context for processor 'ps7_cortexa9_0' is selected.
16:08:56 INFO  : 'con' command is executed.
16:08:56 INFO  : ----------------XSDB Script (After Launch)----------------
targets -set -nocase -filter {name =~ "ARM*#0" && jtag_cable_name =~ "Digilent Zed 210248452676"} -index 0
con
----------------End of Script----------------

16:08:56 INFO  : Launch script is exported to file 'C:\SDUP_huffman_IP_Lite\SDUP_huffman_IP_Lite.sdk\.sdk\launch_scripts\xilinx_c-c++_application_(system_debugger)\system_debugger_using_debug_huffman_axi_lite.elf_on_local.tcl'
16:10:03 INFO  : Connected to target on host '127.0.0.1' and port '3121'.
16:10:03 INFO  : 'targets -set -filter {jtag_cable_name =~ "Digilent Zed 210248452676" && level==0} -index 1' command is executed.
16:10:06 INFO  : FPGA configured successfully with bitstream "C:/SDUP_huffman_IP_Lite/SDUP_huffman_IP_Lite.sdk/design_1_wrapper_hw_platform_0/design_1_wrapper.bit"
16:10:11 INFO  : Disconnected from the channel tcfchan#16.
16:10:12 INFO  : 'targets -set -filter {jtag_cable_name =~ "Digilent Zed 210248452676" && level==0} -index 1' command is executed.
16:10:12 INFO  : 'fpga -state' command is executed.
16:10:12 INFO  : Connected to target on host '127.0.0.1' and port '3121'.
16:10:12 INFO  : Jtag cable 'Digilent Zed 210248452676' is selected.
16:10:12 INFO  : 'jtag frequency' command is executed.
16:10:12 INFO  : Sourcing of 'C:/SDUP_huffman_IP_Lite/SDUP_huffman_IP_Lite.sdk/design_1_wrapper_hw_platform_0/ps7_init.tcl' is done.
16:10:12 INFO  : Context for 'APU' is selected.
16:10:15 INFO  : Hardware design information is loaded from 'C:/SDUP_huffman_IP_Lite/SDUP_huffman_IP_Lite.sdk/design_1_wrapper_hw_platform_0/system.hdf'.
16:10:15 INFO  : 'configparams force-mem-access 1' command is executed.
16:10:15 INFO  : Context for 'APU' is selected.
16:10:15 INFO  : 'stop' command is executed.
16:10:15 INFO  : 'ps7_init' command is executed.
16:10:15 INFO  : 'ps7_post_config' command is executed.
16:10:15 INFO  : Context for processor 'ps7_cortexa9_0' is selected.
16:10:15 INFO  : Processor reset is completed for 'ps7_cortexa9_0'.
16:10:15 INFO  : Context for processor 'ps7_cortexa9_0' is selected.
16:10:16 INFO  : The application 'C:/SDUP_huffman_IP_Lite/SDUP_huffman_IP_Lite.sdk/huffman_axi_lite/Debug/huffman_axi_lite.elf' is downloaded to processor 'ps7_cortexa9_0'.
16:10:16 INFO  : 'configparams force-mem-access 0' command is executed.
16:10:16 INFO  : ----------------XSDB Script----------------
connect -url tcp:127.0.0.1:3121
source C:/SDUP_huffman_IP_Lite/SDUP_huffman_IP_Lite.sdk/design_1_wrapper_hw_platform_0/ps7_init.tcl
targets -set -nocase -filter {name =~"APU*" && jtag_cable_name =~ "Digilent Zed 210248452676"} -index 0
loadhw -hw C:/SDUP_huffman_IP_Lite/SDUP_huffman_IP_Lite.sdk/design_1_wrapper_hw_platform_0/system.hdf -mem-ranges [list {0x40000000 0xbfffffff}]
configparams force-mem-access 1
targets -set -nocase -filter {name =~"APU*" && jtag_cable_name =~ "Digilent Zed 210248452676"} -index 0
stop
ps7_init
ps7_post_config
targets -set -nocase -filter {name =~ "ARM*#0" && jtag_cable_name =~ "Digilent Zed 210248452676"} -index 0
rst -processor
targets -set -nocase -filter {name =~ "ARM*#0" && jtag_cable_name =~ "Digilent Zed 210248452676"} -index 0
dow C:/SDUP_huffman_IP_Lite/SDUP_huffman_IP_Lite.sdk/huffman_axi_lite/Debug/huffman_axi_lite.elf
configparams force-mem-access 0
----------------End of Script----------------

16:10:16 INFO  : Memory regions updated for context APU
16:10:16 INFO  : Context for processor 'ps7_cortexa9_0' is selected.
16:10:16 INFO  : 'con' command is executed.
16:10:16 INFO  : ----------------XSDB Script (After Launch)----------------
targets -set -nocase -filter {name =~ "ARM*#0" && jtag_cable_name =~ "Digilent Zed 210248452676"} -index 0
con
----------------End of Script----------------

16:10:16 INFO  : Launch script is exported to file 'C:\SDUP_huffman_IP_Lite\SDUP_huffman_IP_Lite.sdk\.sdk\launch_scripts\xilinx_c-c++_application_(system_debugger)\system_debugger_using_debug_huffman_axi_lite.elf_on_local.tcl'
16:15:49 INFO  : Disconnected from the channel tcfchan#17.
16:15:51 INFO  : 'targets -set -filter {jtag_cable_name =~ "Digilent Zed 210248452676" && level==0} -index 1' command is executed.
16:15:51 INFO  : 'fpga -state' command is executed.
16:15:51 INFO  : Connected to target on host '127.0.0.1' and port '3121'.
16:15:51 INFO  : Jtag cable 'Digilent Zed 210248452676' is selected.
16:15:51 INFO  : 'jtag frequency' command is executed.
16:15:51 INFO  : Sourcing of 'C:/SDUP_huffman_IP_Lite/SDUP_huffman_IP_Lite.sdk/design_1_wrapper_hw_platform_0/ps7_init.tcl' is done.
16:15:51 INFO  : Context for 'APU' is selected.
16:15:54 INFO  : Hardware design information is loaded from 'C:/SDUP_huffman_IP_Lite/SDUP_huffman_IP_Lite.sdk/design_1_wrapper_hw_platform_0/system.hdf'.
16:15:54 INFO  : 'configparams force-mem-access 1' command is executed.
16:15:54 INFO  : Context for 'APU' is selected.
16:15:54 INFO  : 'stop' command is executed.
16:15:55 INFO  : 'ps7_init' command is executed.
16:15:55 INFO  : 'ps7_post_config' command is executed.
16:15:55 INFO  : Context for processor 'ps7_cortexa9_0' is selected.
16:15:55 INFO  : Processor reset is completed for 'ps7_cortexa9_0'.
16:15:55 INFO  : Context for processor 'ps7_cortexa9_0' is selected.
16:15:55 INFO  : The application 'C:/SDUP_huffman_IP_Lite/SDUP_huffman_IP_Lite.sdk/huffman_axi_lite/Debug/huffman_axi_lite.elf' is downloaded to processor 'ps7_cortexa9_0'.
16:15:55 INFO  : 'configparams force-mem-access 0' command is executed.
16:15:55 INFO  : ----------------XSDB Script----------------
connect -url tcp:127.0.0.1:3121
source C:/SDUP_huffman_IP_Lite/SDUP_huffman_IP_Lite.sdk/design_1_wrapper_hw_platform_0/ps7_init.tcl
targets -set -nocase -filter {name =~"APU*" && jtag_cable_name =~ "Digilent Zed 210248452676"} -index 0
loadhw -hw C:/SDUP_huffman_IP_Lite/SDUP_huffman_IP_Lite.sdk/design_1_wrapper_hw_platform_0/system.hdf -mem-ranges [list {0x40000000 0xbfffffff}]
configparams force-mem-access 1
targets -set -nocase -filter {name =~"APU*" && jtag_cable_name =~ "Digilent Zed 210248452676"} -index 0
stop
ps7_init
ps7_post_config
targets -set -nocase -filter {name =~ "ARM*#0" && jtag_cable_name =~ "Digilent Zed 210248452676"} -index 0
rst -processor
targets -set -nocase -filter {name =~ "ARM*#0" && jtag_cable_name =~ "Digilent Zed 210248452676"} -index 0
dow C:/SDUP_huffman_IP_Lite/SDUP_huffman_IP_Lite.sdk/huffman_axi_lite/Debug/huffman_axi_lite.elf
configparams force-mem-access 0
----------------End of Script----------------

16:15:56 INFO  : Memory regions updated for context APU
16:15:56 INFO  : Context for processor 'ps7_cortexa9_0' is selected.
16:15:56 INFO  : 'con' command is executed.
16:15:56 INFO  : ----------------XSDB Script (After Launch)----------------
targets -set -nocase -filter {name =~ "ARM*#0" && jtag_cable_name =~ "Digilent Zed 210248452676"} -index 0
con
----------------End of Script----------------

16:15:56 INFO  : Launch script is exported to file 'C:\SDUP_huffman_IP_Lite\SDUP_huffman_IP_Lite.sdk\.sdk\launch_scripts\xilinx_c-c++_application_(system_debugger)\system_debugger_using_debug_huffman_axi_lite.elf_on_local.tcl'
16:16:22 INFO  : Connected to target on host '127.0.0.1' and port '3121'.
16:16:22 INFO  : 'targets -set -filter {jtag_cable_name =~ "Digilent Zed 210248452676" && level==0} -index 1' command is executed.
16:16:25 INFO  : FPGA configured successfully with bitstream "C:/SDUP_huffman_IP_Lite/SDUP_huffman_IP_Lite.sdk/design_1_wrapper_hw_platform_0/design_1_wrapper.bit"
16:16:30 INFO  : Disconnected from the channel tcfchan#18.
16:16:31 INFO  : 'targets -set -filter {jtag_cable_name =~ "Digilent Zed 210248452676" && level==0} -index 1' command is executed.
16:16:31 INFO  : 'fpga -state' command is executed.
16:16:31 INFO  : Connected to target on host '127.0.0.1' and port '3121'.
16:16:32 INFO  : Jtag cable 'Digilent Zed 210248452676' is selected.
16:16:32 INFO  : 'jtag frequency' command is executed.
16:16:32 INFO  : Sourcing of 'C:/SDUP_huffman_IP_Lite/SDUP_huffman_IP_Lite.sdk/design_1_wrapper_hw_platform_0/ps7_init.tcl' is done.
16:16:32 INFO  : Context for 'APU' is selected.
16:16:34 INFO  : Hardware design information is loaded from 'C:/SDUP_huffman_IP_Lite/SDUP_huffman_IP_Lite.sdk/design_1_wrapper_hw_platform_0/system.hdf'.
16:16:34 INFO  : 'configparams force-mem-access 1' command is executed.
16:16:34 INFO  : Context for 'APU' is selected.
16:16:34 INFO  : 'stop' command is executed.
16:16:35 INFO  : 'ps7_init' command is executed.
16:16:35 INFO  : 'ps7_post_config' command is executed.
16:16:35 INFO  : Context for processor 'ps7_cortexa9_0' is selected.
16:16:36 INFO  : Processor reset is completed for 'ps7_cortexa9_0'.
16:16:36 INFO  : Context for processor 'ps7_cortexa9_0' is selected.
16:16:36 INFO  : The application 'C:/SDUP_huffman_IP_Lite/SDUP_huffman_IP_Lite.sdk/huffman_axi_lite/Debug/huffman_axi_lite.elf' is downloaded to processor 'ps7_cortexa9_0'.
16:16:36 INFO  : 'configparams force-mem-access 0' command is executed.
16:16:36 INFO  : ----------------XSDB Script----------------
connect -url tcp:127.0.0.1:3121
source C:/SDUP_huffman_IP_Lite/SDUP_huffman_IP_Lite.sdk/design_1_wrapper_hw_platform_0/ps7_init.tcl
targets -set -nocase -filter {name =~"APU*" && jtag_cable_name =~ "Digilent Zed 210248452676"} -index 0
loadhw -hw C:/SDUP_huffman_IP_Lite/SDUP_huffman_IP_Lite.sdk/design_1_wrapper_hw_platform_0/system.hdf -mem-ranges [list {0x40000000 0xbfffffff}]
configparams force-mem-access 1
targets -set -nocase -filter {name =~"APU*" && jtag_cable_name =~ "Digilent Zed 210248452676"} -index 0
stop
ps7_init
ps7_post_config
targets -set -nocase -filter {name =~ "ARM*#0" && jtag_cable_name =~ "Digilent Zed 210248452676"} -index 0
rst -processor
targets -set -nocase -filter {name =~ "ARM*#0" && jtag_cable_name =~ "Digilent Zed 210248452676"} -index 0
dow C:/SDUP_huffman_IP_Lite/SDUP_huffman_IP_Lite.sdk/huffman_axi_lite/Debug/huffman_axi_lite.elf
configparams force-mem-access 0
----------------End of Script----------------

16:16:36 INFO  : Memory regions updated for context APU
16:16:36 INFO  : Context for processor 'ps7_cortexa9_0' is selected.
16:16:36 INFO  : 'con' command is executed.
16:16:36 INFO  : ----------------XSDB Script (After Launch)----------------
targets -set -nocase -filter {name =~ "ARM*#0" && jtag_cable_name =~ "Digilent Zed 210248452676"} -index 0
con
----------------End of Script----------------

16:16:36 INFO  : Launch script is exported to file 'C:\SDUP_huffman_IP_Lite\SDUP_huffman_IP_Lite.sdk\.sdk\launch_scripts\xilinx_c-c++_application_(system_debugger)\system_debugger_using_debug_huffman_axi_lite.elf_on_local.tcl'
16:24:31 INFO  : Connected to target on host '127.0.0.1' and port '3121'.
16:24:32 INFO  : 'targets -set -filter {jtag_cable_name =~ "Digilent Zed 210248452676" && level==0} -index 1' command is executed.
16:24:34 INFO  : FPGA configured successfully with bitstream "C:/SDUP_huffman_IP_Lite/SDUP_huffman_IP_Lite.sdk/design_1_wrapper_hw_platform_0/design_1_wrapper.bit"
16:24:47 INFO  : Disconnected from the channel tcfchan#19.
16:24:48 INFO  : 'targets -set -filter {jtag_cable_name =~ "Digilent Zed 210248452676" && level==0} -index 1' command is executed.
16:24:48 INFO  : 'fpga -state' command is executed.
16:24:48 INFO  : Connected to target on host '127.0.0.1' and port '3121'.
16:24:48 INFO  : Jtag cable 'Digilent Zed 210248452676' is selected.
16:24:48 INFO  : 'jtag frequency' command is executed.
16:24:48 INFO  : Sourcing of 'C:/SDUP_huffman_IP_Lite/SDUP_huffman_IP_Lite.sdk/design_1_wrapper_hw_platform_0/ps7_init.tcl' is done.
16:24:48 INFO  : Context for 'APU' is selected.
16:24:51 INFO  : Hardware design information is loaded from 'C:/SDUP_huffman_IP_Lite/SDUP_huffman_IP_Lite.sdk/design_1_wrapper_hw_platform_0/system.hdf'.
16:24:51 INFO  : 'configparams force-mem-access 1' command is executed.
16:24:51 INFO  : Context for 'APU' is selected.
16:24:51 INFO  : 'stop' command is executed.
16:24:52 INFO  : 'ps7_init' command is executed.
16:24:52 INFO  : 'ps7_post_config' command is executed.
16:24:52 INFO  : Context for processor 'ps7_cortexa9_0' is selected.
16:24:52 INFO  : Processor reset is completed for 'ps7_cortexa9_0'.
16:24:52 INFO  : Context for processor 'ps7_cortexa9_0' is selected.
16:24:53 INFO  : The application 'C:/SDUP_huffman_IP_Lite/SDUP_huffman_IP_Lite.sdk/huffman_axi_lite/Debug/huffman_axi_lite.elf' is downloaded to processor 'ps7_cortexa9_0'.
16:24:53 INFO  : 'configparams force-mem-access 0' command is executed.
16:24:53 INFO  : ----------------XSDB Script----------------
connect -url tcp:127.0.0.1:3121
source C:/SDUP_huffman_IP_Lite/SDUP_huffman_IP_Lite.sdk/design_1_wrapper_hw_platform_0/ps7_init.tcl
targets -set -nocase -filter {name =~"APU*" && jtag_cable_name =~ "Digilent Zed 210248452676"} -index 0
loadhw -hw C:/SDUP_huffman_IP_Lite/SDUP_huffman_IP_Lite.sdk/design_1_wrapper_hw_platform_0/system.hdf -mem-ranges [list {0x40000000 0xbfffffff}]
configparams force-mem-access 1
targets -set -nocase -filter {name =~"APU*" && jtag_cable_name =~ "Digilent Zed 210248452676"} -index 0
stop
ps7_init
ps7_post_config
targets -set -nocase -filter {name =~ "ARM*#0" && jtag_cable_name =~ "Digilent Zed 210248452676"} -index 0
rst -processor
targets -set -nocase -filter {name =~ "ARM*#0" && jtag_cable_name =~ "Digilent Zed 210248452676"} -index 0
dow C:/SDUP_huffman_IP_Lite/SDUP_huffman_IP_Lite.sdk/huffman_axi_lite/Debug/huffman_axi_lite.elf
configparams force-mem-access 0
----------------End of Script----------------

16:24:53 INFO  : Memory regions updated for context APU
16:24:53 INFO  : Context for processor 'ps7_cortexa9_0' is selected.
16:24:53 INFO  : 'con' command is executed.
16:24:53 INFO  : ----------------XSDB Script (After Launch)----------------
targets -set -nocase -filter {name =~ "ARM*#0" && jtag_cable_name =~ "Digilent Zed 210248452676"} -index 0
con
----------------End of Script----------------

16:24:53 INFO  : Launch script is exported to file 'C:\SDUP_huffman_IP_Lite\SDUP_huffman_IP_Lite.sdk\.sdk\launch_scripts\xilinx_c-c++_application_(system_debugger)\system_debugger_using_debug_huffman_axi_lite.elf_on_local.tcl'
16:25:41 INFO  : Connected to target on host '127.0.0.1' and port '3121'.
16:25:42 INFO  : 'targets -set -filter {jtag_cable_name =~ "Digilent Zed 210248452676" && level==0} -index 1' command is executed.
16:25:44 INFO  : FPGA configured successfully with bitstream "C:/SDUP_huffman_IP_Lite/SDUP_huffman_IP_Lite.sdk/design_1_wrapper_hw_platform_0/design_1_wrapper.bit"
16:25:53 INFO  : Disconnected from the channel tcfchan#20.
16:25:54 INFO  : 'targets -set -filter {jtag_cable_name =~ "Digilent Zed 210248452676" && level==0} -index 1' command is executed.
16:25:54 INFO  : 'fpga -state' command is executed.
16:25:54 INFO  : Connected to target on host '127.0.0.1' and port '3121'.
16:25:54 INFO  : Jtag cable 'Digilent Zed 210248452676' is selected.
16:25:54 INFO  : 'jtag frequency' command is executed.
16:25:54 INFO  : Sourcing of 'C:/SDUP_huffman_IP_Lite/SDUP_huffman_IP_Lite.sdk/design_1_wrapper_hw_platform_0/ps7_init.tcl' is done.
16:25:54 INFO  : Context for 'APU' is selected.
16:25:57 INFO  : Hardware design information is loaded from 'C:/SDUP_huffman_IP_Lite/SDUP_huffman_IP_Lite.sdk/design_1_wrapper_hw_platform_0/system.hdf'.
16:25:57 INFO  : 'configparams force-mem-access 1' command is executed.
16:25:57 INFO  : Context for 'APU' is selected.
16:25:57 INFO  : 'stop' command is executed.
16:25:58 INFO  : 'ps7_init' command is executed.
16:25:58 INFO  : 'ps7_post_config' command is executed.
16:25:58 INFO  : Context for processor 'ps7_cortexa9_0' is selected.
16:25:58 INFO  : Processor reset is completed for 'ps7_cortexa9_0'.
16:25:58 INFO  : Context for processor 'ps7_cortexa9_0' is selected.
16:25:59 INFO  : The application 'C:/SDUP_huffman_IP_Lite/SDUP_huffman_IP_Lite.sdk/huffman_axi_lite/Debug/huffman_axi_lite.elf' is downloaded to processor 'ps7_cortexa9_0'.
16:25:59 INFO  : 'configparams force-mem-access 0' command is executed.
16:25:59 INFO  : ----------------XSDB Script----------------
connect -url tcp:127.0.0.1:3121
source C:/SDUP_huffman_IP_Lite/SDUP_huffman_IP_Lite.sdk/design_1_wrapper_hw_platform_0/ps7_init.tcl
targets -set -nocase -filter {name =~"APU*" && jtag_cable_name =~ "Digilent Zed 210248452676"} -index 0
loadhw -hw C:/SDUP_huffman_IP_Lite/SDUP_huffman_IP_Lite.sdk/design_1_wrapper_hw_platform_0/system.hdf -mem-ranges [list {0x40000000 0xbfffffff}]
configparams force-mem-access 1
targets -set -nocase -filter {name =~"APU*" && jtag_cable_name =~ "Digilent Zed 210248452676"} -index 0
stop
ps7_init
ps7_post_config
targets -set -nocase -filter {name =~ "ARM*#0" && jtag_cable_name =~ "Digilent Zed 210248452676"} -index 0
rst -processor
targets -set -nocase -filter {name =~ "ARM*#0" && jtag_cable_name =~ "Digilent Zed 210248452676"} -index 0
dow C:/SDUP_huffman_IP_Lite/SDUP_huffman_IP_Lite.sdk/huffman_axi_lite/Debug/huffman_axi_lite.elf
configparams force-mem-access 0
----------------End of Script----------------

16:25:59 INFO  : Memory regions updated for context APU
16:25:59 INFO  : Context for processor 'ps7_cortexa9_0' is selected.
16:25:59 INFO  : 'con' command is executed.
16:25:59 INFO  : ----------------XSDB Script (After Launch)----------------
targets -set -nocase -filter {name =~ "ARM*#0" && jtag_cable_name =~ "Digilent Zed 210248452676"} -index 0
con
----------------End of Script----------------

16:25:59 INFO  : Launch script is exported to file 'C:\SDUP_huffman_IP_Lite\SDUP_huffman_IP_Lite.sdk\.sdk\launch_scripts\xilinx_c-c++_application_(system_debugger)\system_debugger_using_debug_huffman_axi_lite.elf_on_local.tcl'
16:32:37 INFO  : Connected to target on host '127.0.0.1' and port '3121'.
16:32:37 INFO  : 'targets -set -filter {jtag_cable_name =~ "Digilent Zed 210248452676" && level==0} -index 1' command is executed.
16:32:40 INFO  : FPGA configured successfully with bitstream "C:/SDUP_huffman_IP_Lite/SDUP_huffman_IP_Lite.sdk/design_1_wrapper_hw_platform_0/design_1_wrapper.bit"
16:32:54 INFO  : Disconnected from the channel tcfchan#21.
16:32:55 INFO  : 'targets -set -filter {jtag_cable_name =~ "Digilent Zed 210248452676" && level==0} -index 1' command is executed.
16:32:55 INFO  : 'fpga -state' command is executed.
16:32:55 INFO  : Connected to target on host '127.0.0.1' and port '3121'.
16:32:56 INFO  : Jtag cable 'Digilent Zed 210248452676' is selected.
16:32:56 INFO  : 'jtag frequency' command is executed.
16:32:56 INFO  : Sourcing of 'C:/SDUP_huffman_IP_Lite/SDUP_huffman_IP_Lite.sdk/design_1_wrapper_hw_platform_0/ps7_init.tcl' is done.
16:32:56 INFO  : Context for 'APU' is selected.
16:32:58 INFO  : Hardware design information is loaded from 'C:/SDUP_huffman_IP_Lite/SDUP_huffman_IP_Lite.sdk/design_1_wrapper_hw_platform_0/system.hdf'.
16:32:58 INFO  : 'configparams force-mem-access 1' command is executed.
16:32:58 INFO  : Context for 'APU' is selected.
16:32:59 INFO  : 'stop' command is executed.
16:33:00 INFO  : 'ps7_init' command is executed.
16:33:00 INFO  : 'ps7_post_config' command is executed.
16:33:00 INFO  : Context for processor 'ps7_cortexa9_0' is selected.
16:33:00 INFO  : Processor reset is completed for 'ps7_cortexa9_0'.
16:33:00 INFO  : Context for processor 'ps7_cortexa9_0' is selected.
16:33:00 INFO  : The application 'C:/SDUP_huffman_IP_Lite/SDUP_huffman_IP_Lite.sdk/huffman_axi_lite/Debug/huffman_axi_lite.elf' is downloaded to processor 'ps7_cortexa9_0'.
16:33:00 INFO  : 'configparams force-mem-access 0' command is executed.
16:33:00 INFO  : ----------------XSDB Script----------------
connect -url tcp:127.0.0.1:3121
source C:/SDUP_huffman_IP_Lite/SDUP_huffman_IP_Lite.sdk/design_1_wrapper_hw_platform_0/ps7_init.tcl
targets -set -nocase -filter {name =~"APU*" && jtag_cable_name =~ "Digilent Zed 210248452676"} -index 0
loadhw -hw C:/SDUP_huffman_IP_Lite/SDUP_huffman_IP_Lite.sdk/design_1_wrapper_hw_platform_0/system.hdf -mem-ranges [list {0x40000000 0xbfffffff}]
configparams force-mem-access 1
targets -set -nocase -filter {name =~"APU*" && jtag_cable_name =~ "Digilent Zed 210248452676"} -index 0
stop
ps7_init
ps7_post_config
targets -set -nocase -filter {name =~ "ARM*#0" && jtag_cable_name =~ "Digilent Zed 210248452676"} -index 0
rst -processor
targets -set -nocase -filter {name =~ "ARM*#0" && jtag_cable_name =~ "Digilent Zed 210248452676"} -index 0
dow C:/SDUP_huffman_IP_Lite/SDUP_huffman_IP_Lite.sdk/huffman_axi_lite/Debug/huffman_axi_lite.elf
configparams force-mem-access 0
----------------End of Script----------------

16:33:00 INFO  : Memory regions updated for context APU
16:33:00 INFO  : Context for processor 'ps7_cortexa9_0' is selected.
16:33:01 INFO  : 'con' command is executed.
16:33:01 INFO  : ----------------XSDB Script (After Launch)----------------
targets -set -nocase -filter {name =~ "ARM*#0" && jtag_cable_name =~ "Digilent Zed 210248452676"} -index 0
con
----------------End of Script----------------

16:33:01 INFO  : Launch script is exported to file 'C:\SDUP_huffman_IP_Lite\SDUP_huffman_IP_Lite.sdk\.sdk\launch_scripts\xilinx_c-c++_application_(system_debugger)\system_debugger_using_debug_huffman_axi_lite.elf_on_local.tcl'
22:32:13 INFO  : Disconnected from the channel tcfchan#22.
