Copyright 1986-2018 Xilinx, Inc. All Rights Reserved.
------------------------------------------------------------------------------------
| Tool Version : Vivado v.2018.2 (win64) Build 2258646 Thu Jun 14 20:03:12 MDT 2018
| Date         : Sat Aug 31 18:06:54 2019
| Host         : Michael-laptop running 64-bit major release  (build 9200)
| Command      : upgrade_ip
| Device       : xc7z020clg484-1
------------------------------------------------------------------------------------

Upgrade Log for IP 'design_1_huffman_myip_0_0'

1. Summary
----------

SUCCESS in the upgrade of design_1_huffman_myip_0_0 (xilinx.com:user:huffman_myip:1.0) from (Rev. 5) to (Rev. 6)






Copyright 1986-2018 Xilinx, Inc. All Rights Reserved.
------------------------------------------------------------------------------------
| Tool Version : Vivado v.2018.2 (win64) Build 2258646 Thu Jun 14 20:03:12 MDT 2018
| Date         : Mon Aug  5 22:21:10 2019
| Host         : Michael-laptop running 64-bit major release  (build 9200)
| Command      : upgrade_ip
| Device       : xc7z020clg484-1
------------------------------------------------------------------------------------

Upgrade Log for IP 'design_1_huffman_myip_0_0'

1. Summary
----------

SUCCESS in the upgrade of design_1_huffman_myip_0_0 (xilinx.com:user:huffman_myip:1.0) from (Rev. 1) to (Rev. 3)

