#-----------------------------------------------------------
# Vivado v2018.2 (64-bit)
# SW Build 2258646 on Thu Jun 14 20:03:12 MDT 2018
# IP Build 2256618 on Thu Jun 14 22:10:49 MDT 2018
# Start of session at: Sat Aug 31 20:12:57 2019
# Process ID: 6568
# Current directory: C:/Users/Micha³/Desktop/Studia - II stopnia/SDUP/Projekt/SDUP2019/SDUP_huffman_encoder_IP_viv18.2
# Command line: vivado.exe -gui_launcher_event rodinguilauncherevent10340 C:\Users\Micha³\Desktop\Studia - II stopnia\SDUP\Projekt\SDUP2019\SDUP_huffman_encoder_IP_viv18.2\SDUP_huffman_encoder_IP_viv18.2.xpr
# Log file: C:/Users/Micha³/Desktop/Studia - II stopnia/SDUP/Projekt/SDUP2019/SDUP_huffman_encoder_IP_viv18.2/vivado.log
# Journal file: C:/Users/Micha³/Desktop/Studia - II stopnia/SDUP/Projekt/SDUP2019/SDUP_huffman_encoder_IP_viv18.2\vivado.jou
#-----------------------------------------------------------
start_gui
open_project {C:/Users/Micha³/Desktop/Studia - II stopnia/SDUP/Projekt/SDUP2019/SDUP_huffman_encoder_IP_viv18.2/SDUP_huffman_encoder_IP_viv18.2.xpr}
INFO: [ProjectBase 1-489] The host OS only allows 260 characters in a normal path. The project is stored in a path with more than 80 characters. If you experience issues with IP, Block Designs, or files not being found, please consider moving the project to a location with a shorter path. Alternately consider using the OS subst command to map part of the path to a drive letter.
Current project path is 'C:/Users/Micha³/Desktop/Studia - II stopnia/SDUP/Projekt/SDUP2019/SDUP_huffman_encoder_IP_viv18.2'
INFO: [Project 1-313] Project file moved from 'C:/SDUP_huffman_encoder_IP_viv18.2' since last save.
Scanning sources...
Finished scanning sources
INFO: [filemgmt 56-1] IP Repository Path: Directory not found as 'C:/Users/Micha³/Desktop/Studia - II stopnia/SDUP/Projekt/SDUP2019/ip_repo/huffman_myip_1.0'; using path 'C:/ip_repo/huffman_myip_1.0' instead.
INFO: [filemgmt 56-1] IP Repository Path: Directory not found as 'C:/Users/Micha³/Desktop/Studia - II stopnia/SDUP/Projekt/SDUP2019/ip_repo/huffman_encoder_myip_1.0'; using path 'C:/ip_repo/huffman_encoder_myip_1.0' instead.
INFO: [filemgmt 56-1] IP Repository Path: Directory not found as 'C:/Users/Micha³/Desktop/Studia - II stopnia/SDUP/Projekt/SDUP2019/ip_repo/huffman_myip_1.0'; using path 'C:/ip_repo/huffman_myip_1.0' instead.
INFO: [IP_Flow 19-234] Refreshing IP repositories
INFO: [IP_Flow 19-1700] Loaded user IP repository 'c:/ip_repo/huffman_myip_1.0'.
INFO: [IP_Flow 19-1700] Loaded user IP repository 'c:/ip_repo/huffman_encoder_myip_1.0'.
WARNING: [IP_Flow 19-2207] Repository 'c:/ip_repo/huffman_myip_1.0' already exists; ignoring attempt to add it again.
INFO: [IP_Flow 19-1700] Loaded user IP repository 'c:/ip_repo/huffman_myip_1.0'.
INFO: [IP_Flow 19-2313] Loaded Vivado IP repository 'C:/Xilinx/Vivado/2018.2/data/ip'.
open_project: Time (s): cpu = 00:00:23 ; elapsed = 00:00:13 . Memory (MB): peak = 850.801 ; gain = 136.883
open_bd_design {C:/Users/Micha³/Desktop/Studia - II stopnia/SDUP/Projekt/SDUP2019/SDUP_huffman_encoder_IP_viv18.2/SDUP_huffman_encoder_IP_viv18.2.srcs/sources_1/bd/design_1/design_1.bd}
Adding cell -- xilinx.com:ip:processing_system7:5.5 - processing_system7_0
Adding cell -- xilinx.com:ip:proc_sys_reset:5.0 - rst_ps7_0_100M
Adding cell -- xilinx.com:ip:axi_dma:7.1 - axi_dma_0
Adding cell -- xilinx.com:ip:xlconcat:2.1 - xlconcat_0
Adding cell -- xilinx.com:ip:smartconnect:1.0 - axi_smc
Adding cell -- xilinx.com:user:huffman_myip:1.0 - huffman_myip_0
Adding cell -- xilinx.com:ip:axi_protocol_converter:2.1 - auto_pc
Successfully read diagram <design_1> from BD file <C:/Users/Micha³/Desktop/Studia - II stopnia/SDUP/Projekt/SDUP2019/SDUP_huffman_encoder_IP_viv18.2/SDUP_huffman_encoder_IP_viv18.2.srcs/sources_1/bd/design_1/design_1.bd>
open_bd_design: Time (s): cpu = 00:00:15 ; elapsed = 00:00:11 . Memory (MB): peak = 943.953 ; gain = 88.738
update_compile_order -fileset sources_1
exit
INFO: [Common 17-206] Exiting Vivado at Sat Aug 31 20:14:01 2019...
