#-----------------------------------------------------------
# Vivado v2018.2 (64-bit)
# SW Build 2258646 on Thu Jun 14 20:03:12 MDT 2018
# IP Build 2256618 on Thu Jun 14 22:10:49 MDT 2018
# Start of session at: Fri Jul 19 10:17:12 2019
# Process ID: 5572
# Current directory: C:/SDUP_huffman_encoder_IP_viv18.2
# Command line: vivado.exe -gui_launcher_event rodinguilauncherevent96 C:\SDUP_huffman_encoder_IP_viv18.2\SDUP_huffman_encoder_IP_viv18.2.xpr
# Log file: C:/SDUP_huffman_encoder_IP_viv18.2/vivado.log
# Journal file: C:/SDUP_huffman_encoder_IP_viv18.2\vivado.jou
#-----------------------------------------------------------
start_gui
open_project C:/SDUP_huffman_encoder_IP_viv18.2/SDUP_huffman_encoder_IP_viv18.2.xpr
Scanning sources...
Finished scanning sources
WARNING: [filemgmt 56-3] IP Repository Path: Could not find the directory 'C:/ip_repo/huffman_myip_1.0'.
INFO: [IP_Flow 19-234] Refreshing IP repositories
INFO: [IP_Flow 19-1700] Loaded user IP repository 'c:/ip_repo/huffman_encoder_myip_1.0'.
WARNING: [IP_Flow 19-2248] Failed to load user IP repository 'c:/ip_repo/huffman_myip_1.0'; Can't find the specified path.
If this directory should no longer be in your list of user repositories, go to the IP Settings dialog and remove it.
INFO: [IP_Flow 19-2313] Loaded Vivado IP repository 'C:/Xilinx/Vivado/2018.2/data/ip'.
open_project: Time (s): cpu = 00:00:13 ; elapsed = 00:00:06 . Memory (MB): peak = 763.176 ; gain = 73.781
exit
INFO: [Common 17-206] Exiting Vivado at Mon Jul 22 20:45:33 2019...
