#-----------------------------------------------------------
# Vivado v2018.2 (64-bit)
# SW Build 2258646 on Thu Jun 14 20:03:12 MDT 2018
# IP Build 2256618 on Thu Jun 14 22:10:49 MDT 2018
# Start of session at: Sun Sep  1 21:37:21 2019
# Process ID: 3396
# Current directory: C:/Users/Micha³/Desktop/Studia - II stopnia/SDUP/Projekt/SDUP2019/SDUP_huffman_encoder_IP_viv18.2
# Command line: vivado.exe -gui_launcher_event rodinguilauncherevent5616 C:\Users\Micha³\Desktop\Studia - II stopnia\SDUP\Projekt\SDUP2019\SDUP_huffman_encoder_IP_viv18.2\SDUP_huffman_encoder_IP_viv18.2.xpr
# Log file: C:/Users/Micha³/Desktop/Studia - II stopnia/SDUP/Projekt/SDUP2019/SDUP_huffman_encoder_IP_viv18.2/vivado.log
# Journal file: C:/Users/Micha³/Desktop/Studia - II stopnia/SDUP/Projekt/SDUP2019/SDUP_huffman_encoder_IP_viv18.2\vivado.jou
#-----------------------------------------------------------
start_gui
open_project {C:/Users/Micha³/Desktop/Studia - II stopnia/SDUP/Projekt/SDUP2019/SDUP_huffman_encoder_IP_viv18.2/SDUP_huffman_encoder_IP_viv18.2.xpr}
INFO: [ProjectBase 1-489] The host OS only allows 260 characters in a normal path. The project is stored in a path with more than 80 characters. If you experience issues with IP, Block Designs, or files not being found, please consider moving the project to a location with a shorter path. Alternately consider using the OS subst command to map part of the path to a drive letter.
Current project path is 'C:/Users/Micha³/Desktop/Studia - II stopnia/SDUP/Projekt/SDUP2019/SDUP_huffman_encoder_IP_viv18.2'
INFO: [Project 1-313] Project file moved from 'C:/SDUP_huffman_encoder_IP_viv18.2' since last save.
Scanning sources...
Finished scanning sources
INFO: [filemgmt 56-1] IP Repository Path: Directory not found as 'C:/Users/Micha³/Desktop/Studia - II stopnia/SDUP/Projekt/SDUP2019/ip_repo/huffman_myip_1.0'; using path 'C:/ip_repo/huffman_myip_1.0' instead.
INFO: [filemgmt 56-1] IP Repository Path: Directory not found as 'C:/Users/Micha³/Desktop/Studia - II stopnia/SDUP/Projekt/SDUP2019/ip_repo/huffman_encoder_myip_1.0'; using path 'C:/ip_repo/huffman_encoder_myip_1.0' instead.
INFO: [filemgmt 56-1] IP Repository Path: Directory not found as 'C:/Users/Micha³/Desktop/Studia - II stopnia/SDUP/Projekt/SDUP2019/ip_repo/huffman_myip_1.0'; using path 'C:/ip_repo/huffman_myip_1.0' instead.
INFO: [IP_Flow 19-234] Refreshing IP repositories
INFO: [IP_Flow 19-1700] Loaded user IP repository 'c:/ip_repo/huffman_myip_1.0'.
INFO: [IP_Flow 19-1700] Loaded user IP repository 'c:/ip_repo/huffman_encoder_myip_1.0'.
WARNING: [IP_Flow 19-2207] Repository 'c:/ip_repo/huffman_myip_1.0' already exists; ignoring attempt to add it again.
INFO: [IP_Flow 19-1700] Loaded user IP repository 'c:/ip_repo/huffman_myip_1.0'.
INFO: [IP_Flow 19-2313] Loaded Vivado IP repository 'C:/Xilinx/Vivado/2018.2/data/ip'.
WARNING: [BD 41-1661] One or more IPs have been locked in the design 'design_1.bd'. Please run report_ip_status for more details and recommendations on how to fix this issue.
List of locked IPs:
design_1_huffman_myip_0_0

open_project: Time (s): cpu = 00:00:24 ; elapsed = 00:00:18 . Memory (MB): peak = 797.430 ; gain = 114.598
update_compile_order -fileset sources_1
exit
INFO: [Common 17-206] Exiting Vivado at Sun Sep  1 21:38:15 2019...
